Copyright 1986-2019 Xilinx, Inc. All Rights Reserved.
------------------------------------------------------------------------------------------------------------------------------
| Tool Version : Vivado v.2019.1 (win64) Build 2552052 Fri May 24 14:49:42 MDT 2019
| Date         : Thu Sep 12 15:41:00 2019
| Host         : Danielitoh running 64-bit major release  (build 9200)
| Command      : report_drc -file Wave_Selector_drc_opted.rpt -pb Wave_Selector_drc_opted.pb -rpx Wave_Selector_drc_opted.rpx
| Design       : Wave_Selector
| Device       : xc7a35tcpg236-1
| Speed File   : -1
| Design State : Synthesized
------------------------------------------------------------------------------------------------------------------------------

Report DRC

Table of Contents
-----------------
1. REPORT SUMMARY
2. REPORT DETAILS

1. REPORT SUMMARY
-----------------
            Netlist: netlist
          Floorplan: design_1
      Design limits: <entire design considered>
           Ruledeck: default
             Max violations: <unlimited>
             Violations found: 4
+-------------+----------+-------------------------------------------------------------+------------+
| Rule        | Severity | Description                                                 | Violations |
+-------------+----------+-------------------------------------------------------------+------------+
| CFGBVS-1    | Warning  | Missing CFGBVS and CONFIG_VOLTAGE Design Properties         | 1          |
| PLHOLDVIO-2 | Warning  | Non-Optimal connections which could lead to hold violations | 3          |
+-------------+----------+-------------------------------------------------------------+------------+

2. REPORT DETAILS
-----------------
CFGBVS-1#1 Warning
Missing CFGBVS and CONFIG_VOLTAGE Design Properties  
Neither the CFGBVS nor CONFIG_VOLTAGE voltage property is set in the current_design.  Configuration bank voltage select (CFGBVS) must be set to VCCO or GND, and CONFIG_VOLTAGE must be set to the correct configuration voltage, in order to determine the I/O voltage support for the pins in bank 0.  It is suggested to specify these either using the 'Edit Device Properties' function in the GUI or directly in the XDC file using the following syntax:

 set_property CFGBVS value1 [current_design]
 #where value1 is either VCCO or GND

 set_property CONFIG_VOLTAGE value2 [current_design]
 #where value2 is the voltage provided to configuration bank 0

Refer to the device configuration user guide for more information.
Related violations: <none>

PLHOLDVIO-2#1 Warning
Non-Optimal connections which could lead to hold violations  
A LUT nolabel_line37/nolabel_line31/nolabel_line31/nolabel_line28/out_reg_rep_i_1 is driving clock pin of 9 cells. This could lead to large hold time violations. Involved cells are:
nolabel_line37/nolabel_line31/out_reg[0], nolabel_line37/nolabel_line31/out_reg[1], nolabel_line37/nolabel_line31/out_reg[2], nolabel_line37/nolabel_line31/out_reg[3], nolabel_line37/nolabel_line31/out_reg[4], nolabel_line37/nolabel_line31/out_reg[5], nolabel_line37/nolabel_line31/out_reg[6], nolabel_line37/nolabel_line31/out_reg[7], nolabel_line37/nolabel_line31/out_reg_rep
Related violations: <none>

PLHOLDVIO-2#2 Warning
Non-Optimal connections which could lead to hold violations  
A LUT nolabel_line38/nolabel_line31/nolabel_line31/nolabel_line28/out[7]_i_2 is driving clock pin of 8 cells. This could lead to large hold time violations. Involved cells are:
nolabel_line38/nolabel_line31/out_reg[0], nolabel_line38/nolabel_line31/out_reg[1], nolabel_line38/nolabel_line31/out_reg[2], nolabel_line38/nolabel_line31/out_reg[3], nolabel_line38/nolabel_line31/out_reg[4], nolabel_line38/nolabel_line31/out_reg[5], nolabel_line38/nolabel_line31/out_reg[6], nolabel_line38/nolabel_line31/out_reg[7]
Related violations: <none>

PLHOLDVIO-2#3 Warning
Non-Optimal connections which could lead to hold violations  
A LUT nolabel_line39/nolabel_line31/nolabel_line31/nolabel_line28/out_reg_rep_i_1__0 is driving clock pin of 9 cells. This could lead to large hold time violations. Involved cells are:
nolabel_line39/nolabel_line31/out_reg[0], nolabel_line39/nolabel_line31/out_reg[1], nolabel_line39/nolabel_line31/out_reg[2], nolabel_line39/nolabel_line31/out_reg[3], nolabel_line39/nolabel_line31/out_reg[4], nolabel_line39/nolabel_line31/out_reg[5], nolabel_line39/nolabel_line31/out_reg[6], nolabel_line39/nolabel_line31/out_reg[7], nolabel_line39/nolabel_line31/out_reg_rep
Related violations: <none>


