Copyright 1986-2019 Xilinx, Inc. All Rights Reserved.
---------------------------------------------------------------------------------------------------------------------------------
| Tool Version : Vivado v.2019.1 (win64) Build 2552052 Fri May 24 14:49:42 MDT 2019
| Date         : Thu Sep 12 02:29:24 2019
| Host         : Danielitoh running 64-bit major release  (build 9200)
| Command      : report_drc -file Wave_Selector_drc_routed.rpt -pb Wave_Selector_drc_routed.pb -rpx Wave_Selector_drc_routed.rpx
| Design       : Wave_Selector
| Device       : xc7a35tcpg236-1
| Speed File   : -1
| Design State : Fully Routed
---------------------------------------------------------------------------------------------------------------------------------

Report DRC

Table of Contents
-----------------
1. REPORT SUMMARY
2. REPORT DETAILS

1. REPORT SUMMARY
-----------------
            Netlist: netlist
          Floorplan: design_1
      Design limits: <entire design considered>
           Ruledeck: default
             Max violations: <unlimited>
             Violations found: 4
+----------+----------+-----------------------------------------------------+------------+
| Rule     | Severity | Description                                         | Violations |
+----------+----------+-----------------------------------------------------+------------+
| CFGBVS-1 | Warning  | Missing CFGBVS and CONFIG_VOLTAGE Design Properties | 1          |
| PDRC-153 | Warning  | Gated clock check                                   | 3          |
+----------+----------+-----------------------------------------------------+------------+

2. REPORT DETAILS
-----------------
CFGBVS-1#1 Warning
Missing CFGBVS and CONFIG_VOLTAGE Design Properties  
Neither the CFGBVS nor CONFIG_VOLTAGE voltage property is set in the current_design.  Configuration bank voltage select (CFGBVS) must be set to VCCO or GND, and CONFIG_VOLTAGE must be set to the correct configuration voltage, in order to determine the I/O voltage support for the pins in bank 0.  It is suggested to specify these either using the 'Edit Device Properties' function in the GUI or directly in the XDC file using the following syntax:

 set_property CFGBVS value1 [current_design]
 #where value1 is either VCCO or GND

 set_property CONFIG_VOLTAGE value2 [current_design]
 #where value2 is the voltage provided to configuration bank 0

Refer to the device configuration user guide for more information.
Related violations: <none>

PDRC-153#1 Warning
Gated clock check  
Net nolabel_line35/nolabel_line31/nolabel_line31/nolabel_line28/clk_selected is a gated clock net sourced by a combinational pin nolabel_line35/nolabel_line31/nolabel_line31/nolabel_line28/out_reg_rep_i_1/O, cell nolabel_line35/nolabel_line31/nolabel_line31/nolabel_line28/out_reg_rep_i_1. This is not good design practice and will likely impact performance. For SLICE registers, for example, use the CE pin to control the loading of data.
Related violations: <none>

PDRC-153#2 Warning
Gated clock check  
Net nolabel_line36/nolabel_line31/nolabel_line31/nolabel_line28/clk_selected is a gated clock net sourced by a combinational pin nolabel_line36/nolabel_line31/nolabel_line31/nolabel_line28/out_reg[7]_i_2/O, cell nolabel_line36/nolabel_line31/nolabel_line31/nolabel_line28/out_reg[7]_i_2. This is not good design practice and will likely impact performance. For SLICE registers, for example, use the CE pin to control the loading of data.
Related violations: <none>

PDRC-153#3 Warning
Gated clock check  
Net nolabel_line37/nolabel_line31/nolabel_line31/nolabel_line28/clk_selected is a gated clock net sourced by a combinational pin nolabel_line37/nolabel_line31/nolabel_line31/nolabel_line28/out_reg_rep_i_1__0/O, cell nolabel_line37/nolabel_line31/nolabel_line31/nolabel_line28/out_reg_rep_i_1__0. This is not good design practice and will likely impact performance. For SLICE registers, for example, use the CE pin to control the loading of data.
Related violations: <none>


