#-----------------------------------------------------------
# Vivado v2019.1 (64-bit)
# SW Build 2552052 on Fri May 24 14:49:42 MDT 2019
# IP Build 2548770 on Fri May 24 18:01:18 MDT 2019
# Start of session at: Thu Sep  5 14:20:54 2019
# Process ID: 53080
# Current directory: D:/Lab_Digitales/lab5.srcs
# Command line: vivado.exe -gui_launcher_event rodinguilauncherevent33364 D:\Lab_Digitales\lab5.srcs\lab5.xpr
# Log file: D:/Lab_Digitales/lab5.srcs/vivado.log
# Journal file: D:/Lab_Digitales/lab5.srcs\vivado.jou
#-----------------------------------------------------------
start_gui
open_project D:/Lab_Digitales/lab5.srcs/lab5.xpr
INFO: [Project 1-313] Project file moved from 'D:/exp5' since last save.
CRITICAL WARNING: [Project 1-311] Could not find the file 'D:/Lab_Digitales/lab5.srcs/lab5.srcs/sources_1/new/main.v', nor could it be found using path 'D:/exp5/lab5.srcs/sources_1/new/main.v'.
Scanning sources...
Finished scanning sources
WARNING: [filemgmt 56-3] IP Output Repository Path: Could not find the directory 'D:/University/Engineering/8th semester/Digital Lab/exp4/lab4.cache/ip'.
WARNING: [filemgmt 56-2] IPUserFilesDir: Could not find the directory 'D:/exp4/lab4.ip_user_files', nor could it be found using path 'D:/../exp4/lab4.ip_user_files'.
INFO: [IP_Flow 19-234] Refreshing IP repositories
INFO: [IP_Flow 19-1704] No user IP repositories specified
INFO: [IP_Flow 19-2313] Loaded Vivado IP repository 'D:/Programas/Xilinx/Vivado/2019.1/data/ip'.
open_project: Time (s): cpu = 00:00:14 ; elapsed = 00:00:06 . Memory (MB): peak = 703.535 ; gain = 99.395
update_compile_order -fileset sources_1
file mkdir D:/Lab_Digitales/lab5.srcs/lab5.srcs/sources_1/new
close [ open D:/Lab_Digitales/lab5.srcs/lab5.srcs/sources_1/new/main.v w ]
add_files D:/Lab_Digitales/lab5.srcs/lab5.srcs/sources_1/new/main.v
WARNING: [filemgmt 56-12] File 'D:/Lab_Digitales/lab5.srcs/lab5.srcs/sources_1/new/main.v' cannot be added to the project because it already exists in the project, skipping this file
update_compile_order -fileset sources_1
launch_runs synth_1
[Thu Sep  5 15:29:27 2019] Launched synth_1...
Run output will be captured here: D:/Lab_Digitales/lab5.srcs/lab5.runs/synth_1/runme.log
launch_runs impl_1
[Thu Sep  5 15:30:21 2019] Launched impl_1...
Run output will be captured here: D:/Lab_Digitales/lab5.srcs/lab5.runs/impl_1/runme.log
launch_runs impl_1 -to_step write_bitstream
[Thu Sep  5 15:32:15 2019] Launched impl_1...
Run output will be captured here: D:/Lab_Digitales/lab5.srcs/lab5.runs/impl_1/runme.log
open_run impl_1
INFO: [Device 21-403] Loading part xc7a35tcpg236-1
INFO: [Project 1-479] Netlist was created with Vivado 2019.1
INFO: [Project 1-570] Preparing netlist for logic optimization
INFO: [Timing 38-478] Restoring timing data from binary archive.
INFO: [Timing 38-479] Binary timing data restore complete.
INFO: [Project 1-856] Restoring constraints from binary archive.
INFO: [Project 1-853] Binary constraint restore complete.
Reading XDEF placement.
Reading placer database...
Reading XDEF routing.
Read XDEF File: Time (s): cpu = 00:00:00 ; elapsed = 00:00:00.041 . Memory (MB): peak = 1583.441 ; gain = 0.000
Restored from archive | CPU: 0.000000 secs | Memory: 0.000000 MB |
Finished XDEF File Restore: Time (s): cpu = 00:00:00 ; elapsed = 00:00:00.042 . Memory (MB): peak = 1583.441 ; gain = 0.000
Netlist sorting complete. Time (s): cpu = 00:00:00 ; elapsed = 00:00:00 . Memory (MB): peak = 1583.441 ; gain = 0.000
INFO: [Project 1-111] Unisim Transformation Summary:
No Unisim elements were transformed.

open_run: Time (s): cpu = 00:00:27 ; elapsed = 00:00:22 . Memory (MB): peak = 1707.813 ; gain = 944.770
WARNING: [Timing 38-313] There are no user specified timing constraints. Timing constraints are needed for proper timing analysis.
open_hw
connect_hw_server
INFO: [Labtools 27-2285] Connecting to hw_server url TCP:localhost:3121
INFO: [Labtools 27-2222] Launching hw_server...
INFO: [Labtools 27-2221] Launch Output:

****** Xilinx hw_server v2019.1
  **** Build date : May 24 2019 at 15:13:31
    ** Copyright 1986-2019 Xilinx, Inc. All Rights Reserved.


connect_hw_server: Time (s): cpu = 00:00:01 ; elapsed = 00:00:06 . Memory (MB): peak = 1937.922 ; gain = 14.563
open_hw_target
INFO: [Labtoolstcl 44-466] Opening hw_target localhost:3121/xilinx_tcf/Digilent/210183AA621DA
open_hw_target: Time (s): cpu = 00:00:06 ; elapsed = 00:00:06 . Memory (MB): peak = 3038.875 ; gain = 1100.953
set_property PROGRAM.FILE {D:/Lab_Digitales/lab5.srcs/lab5.runs/impl_1/main.bit} [get_hw_devices xc7a35t_0]
current_hw_device [get_hw_devices xc7a35t_0]
refresh_hw_device -update_hw_probes false [lindex [get_hw_devices xc7a35t_0] 0]
INFO: [Labtools 27-1435] Device xc7a35t (JTAG device index = 0) is not programmed (DONE status = 0).
set_property PROBES.FILE {} [get_hw_devices xc7a35t_0]
set_property FULL_PROBES.FILE {} [get_hw_devices xc7a35t_0]
set_property PROGRAM.FILE {D:/Lab_Digitales/lab5.srcs/lab5.runs/impl_1/main.bit} [get_hw_devices xc7a35t_0]
program_hw_devices [get_hw_devices xc7a35t_0]
INFO: [Labtools 27-3164] End of startup status: HIGH
refresh_hw_device [lindex [get_hw_devices xc7a35t_0] 0]
INFO: [Labtools 27-1434] Device xc7a35t (JTAG device index = 0) is programmed with a design that has no supported debug core(s) in it.
add_files -norecurse D:/Lab_Digitales/7Seg_Display.v
update_compile_order -fileset sources_1
add_files -norecurse D:/Lab_Digitales/7Seg_Display.v
WARNING: [filemgmt 56-12] File 'D:/Lab_Digitales/7Seg_Display.v' cannot be added to the project because it already exists in the project, skipping this file
ERROR: [Labtoolstcl 44-513] HW Target shutdown. Closing target: localhost:3121/xilinx_tcf/Digilent/210183AA621DA
INFO: [Labtoolstcl 44-466] Opening hw_target localhost:3121/xilinx_tcf/Digilent/210183AA621DA
INFO: [Labtools 27-1435] Device xc7a35t (JTAG device index = 0) is not programmed (DONE status = 0).
WARNING: [Labtoolstcl 44-129] No matching hw_ila_data was found.
reset_run synth_1
launch_runs synth_1
CRITICAL WARNING: [HDL 9-806] Syntax error near "always". [D:/Lab_Digitales/7Seg_Display.v:36]
CRITICAL WARNING: [HDL 9-806] Syntax error near "always". [D:/Lab_Digitales/lab5.srcs/lab5.srcs/sources_1/new/main.v:70]
WARNING: [HDL 9-3756] overwriting previous definition of module 'display' [D:/Lab_Digitales/lab5.srcs/lab5.srcs/sources_1/new/main.v:57]
WARNING: [filemgmt 20-1318] Duplicate Design Unit 'display()' found in library 'xil_defaultlib'
Duplicate found at line 23 of file D:/Lab_Digitales/7Seg_Display.v
	(Active) Duplicate found at line 57 of file D:/Lab_Digitales/lab5.srcs/lab5.srcs/sources_1/new/main.v
[Thu Sep  5 16:17:12 2019] Launched synth_1...
Run output will be captured here: D:/Lab_Digitales/lab5.srcs/lab5.runs/synth_1/runme.log
reset_run synth_1
launch_runs synth_1 -jobs 4
ERROR: [filemgmt 20-597] HADGElaborator::createChildrenNodesIter(): Invalid node key 'xil_defaultlib:Module|display,d1'.
add_files -norecurse D:/Lab_Digitales/7Seg_Display.v
WARNING: [filemgmt 56-12] File 'D:/Lab_Digitales/7Seg_Display.v' cannot be added to the project because it already exists in the project, skipping this file
launch_runs synth_1 -jobs 4
CRITICAL WARNING: [HDL 9-806] Syntax error near "endmodule". [D:/Lab_Digitales/lab5.srcs/lab5.srcs/sources_1/new/main.v:33]
[Thu Sep  5 16:27:45 2019] Launched synth_1...
Run output will be captured here: D:/Lab_Digitales/lab5.srcs/lab5.runs/synth_1/runme.log
reset_run synth_1
launch_runs synth_1
[Thu Sep  5 16:28:20 2019] Launched synth_1...
Run output will be captured here: D:/Lab_Digitales/lab5.srcs/lab5.runs/synth_1/runme.log
ERROR: [Labtoolstcl 44-513] HW Target shutdown. Closing target: localhost:3121/xilinx_tcf/Digilent/210183AA621DA
INFO: [Labtoolstcl 44-466] Opening hw_target localhost:3121/xilinx_tcf/Digilent/210183AA621DA
INFO: [Labtools 27-1435] Device xc7a35t (JTAG device index = 0) is not programmed (DONE status = 0).
WARNING: [Labtoolstcl 44-129] No matching hw_ila_data was found.
reset_run synth_1
launch_runs synth_1
[Thu Sep  5 16:30:09 2019] Launched synth_1...
Run output will be captured here: D:/Lab_Digitales/lab5.srcs/lab5.runs/synth_1/runme.log
launch_runs impl_1
[Thu Sep  5 16:31:07 2019] Launched impl_1...
Run output will be captured here: D:/Lab_Digitales/lab5.srcs/lab5.runs/impl_1/runme.log
launch_runs impl_1 -to_step write_bitstream -jobs 4
[Thu Sep  5 16:38:08 2019] Launched impl_1...
Run output will be captured here: D:/Lab_Digitales/lab5.srcs/lab5.runs/impl_1/runme.log
reset_run impl_1 -prev_step 
launch_runs impl_1 -to_step write_bitstream
[Thu Sep  5 16:39:39 2019] Launched impl_1...
Run output will be captured here: D:/Lab_Digitales/lab5.srcs/lab5.runs/impl_1/runme.log
reset_run synth_1
launch_runs synth_1
CRITICAL WARNING: [HDL 9-806] Syntax error near "endmodule". [D:/Lab_Digitales/lab5.srcs/lab5.srcs/sources_1/new/main.v:33]
[Thu Sep  5 16:43:20 2019] Launched synth_1...
Run output will be captured here: D:/Lab_Digitales/lab5.srcs/lab5.runs/synth_1/runme.log
launch_runs impl_1 -jobs 2
[Thu Sep  5 16:44:36 2019] Launched impl_1...
Run output will be captured here: D:/Lab_Digitales/lab5.srcs/lab5.runs/impl_1/runme.log
launch_runs impl_1 -to_step write_bitstream -jobs 3
[Thu Sep  5 16:45:50 2019] Launched impl_1...
Run output will be captured here: D:/Lab_Digitales/lab5.srcs/lab5.runs/impl_1/runme.log
reset_run synth_1
launch_runs synth_1 -jobs 4
CRITICAL WARNING: [HDL 9-806] Syntax error near "endmodule". [D:/Lab_Digitales/lab5.srcs/lab5.srcs/sources_1/new/main.v:33]
[Thu Sep  5 16:50:00 2019] Launched synth_1...
Run output will be captured here: D:/Lab_Digitales/lab5.srcs/lab5.runs/synth_1/runme.log
launch_runs impl_1 -jobs 4
[Thu Sep  5 16:50:43 2019] Launched impl_1...
Run output will be captured here: D:/Lab_Digitales/lab5.srcs/lab5.runs/impl_1/runme.log
launch_runs impl_1 -to_step write_bitstream -jobs 4
[Thu Sep  5 16:51:58 2019] Launched impl_1...
Run output will be captured here: D:/Lab_Digitales/lab5.srcs/lab5.runs/impl_1/runme.log
set_property PROBES.FILE {} [get_hw_devices xc7a35t_0]
set_property FULL_PROBES.FILE {} [get_hw_devices xc7a35t_0]
set_property PROGRAM.FILE {D:/Lab_Digitales/lab5.srcs/lab5.runs/impl_1/display.bit} [get_hw_devices xc7a35t_0]
program_hw_devices [get_hw_devices xc7a35t_0]
INFO: [Labtools 27-3164] End of startup status: HIGH
refresh_hw_device [lindex [get_hw_devices xc7a35t_0] 0]
INFO: [Labtools 27-1434] Device xc7a35t (JTAG device index = 0) is programmed with a design that has no supported debug core(s) in it.
reset_run synth_1
launch_runs synth_1 -jobs 4
CRITICAL WARNING: [HDL 9-806] Syntax error near "endmodule". [D:/Lab_Digitales/lab5.srcs/lab5.srcs/sources_1/new/main.v:33]
[Thu Sep  5 17:03:00 2019] Launched synth_1...
Run output will be captured here: D:/Lab_Digitales/lab5.srcs/lab5.runs/synth_1/runme.log
launch_runs impl_1 -jobs 4
[Thu Sep  5 17:03:49 2019] Launched impl_1...
Run output will be captured here: D:/Lab_Digitales/lab5.srcs/lab5.runs/impl_1/runme.log
launch_runs impl_1 -to_step write_bitstream -jobs 4
[Thu Sep  5 17:05:31 2019] Launched impl_1...
Run output will be captured here: D:/Lab_Digitales/lab5.srcs/lab5.runs/impl_1/runme.log
set_property PROBES.FILE {} [get_hw_devices xc7a35t_0]
set_property FULL_PROBES.FILE {} [get_hw_devices xc7a35t_0]
set_property PROGRAM.FILE {D:/Lab_Digitales/lab5.srcs/lab5.runs/impl_1/display.bit} [get_hw_devices xc7a35t_0]
program_hw_devices [get_hw_devices xc7a35t_0]
INFO: [Labtools 27-3164] End of startup status: HIGH
refresh_hw_device [lindex [get_hw_devices xc7a35t_0] 0]
INFO: [Labtools 27-1434] Device xc7a35t (JTAG device index = 0) is programmed with a design that has no supported debug core(s) in it.
file mkdir D:/Lab_Digitales/lab5.srcs/lab5.srcs/sim_1/new
set_property SOURCE_SET sources_1 [get_filesets sim_1]
close [ open D:/Lab_Digitales/lab5.srcs/lab5.srcs/sim_1/new/Incremento_boton.v w ]
add_files -fileset sim_1 D:/Lab_Digitales/lab5.srcs/lab5.srcs/sim_1/new/Incremento_boton.v
update_compile_order -fileset sim_1
ERROR: [Labtoolstcl 44-513] HW Target shutdown. Closing target: localhost:3121/xilinx_tcf/Digilent/210183AA621DA
close [ open D:/Lab_Digitales/lab5.srcs/lab5.srcs/sources_1/new/Boton_mas_menos.v w ]
add_files D:/Lab_Digitales/lab5.srcs/lab5.srcs/sources_1/new/Boton_mas_menos.v
update_compile_order -fileset sources_1
INFO: [Labtoolstcl 44-466] Opening hw_target localhost:3121/xilinx_tcf/Digilent/210183AA621DA
INFO: [Labtools 27-1435] Device xc7a35t (JTAG device index = 0) is not programmed (DONE status = 0).
WARNING: [Labtoolstcl 44-129] No matching hw_ila_data was found.
ERROR: [Labtoolstcl 44-513] HW Target shutdown. Closing target: localhost:3121/xilinx_tcf/Digilent/210183AA621DA
INFO: [Labtoolstcl 44-466] Opening hw_target localhost:3121/xilinx_tcf/Digilent/210183AA621DA
INFO: [Labtools 27-1435] Device xc7a35t (JTAG device index = 0) is not programmed (DONE status = 0).
WARNING: [Labtoolstcl 44-129] No matching hw_ila_data was found.
set_property PROBES.FILE {} [get_hw_devices xc7a35t_0]
set_property FULL_PROBES.FILE {} [get_hw_devices xc7a35t_0]
set_property PROGRAM.FILE {D:/Lab_Digitales/lab5.srcs/lab5.runs/impl_1/display.bit} [get_hw_devices xc7a35t_0]
program_hw_devices [get_hw_devices xc7a35t_0]
INFO: [Labtools 27-3164] End of startup status: HIGH
refresh_hw_device [lindex [get_hw_devices xc7a35t_0] 0]
INFO: [Labtools 27-1434] Device xc7a35t (JTAG device index = 0) is programmed with a design that has no supported debug core(s) in it.
ERROR: [Labtoolstcl 44-513] HW Target shutdown. Closing target: localhost:3121/xilinx_tcf/Digilent/210183AA621DA
reset_run synth_1
launch_runs synth_1 -jobs 3
[Mon Sep  9 21:50:26 2019] Launched synth_1...
Run output will be captured here: D:/Lab_Digitales/lab5.srcs/lab5.runs/synth_1/runme.log
launch_runs impl_1 -jobs 3
[Mon Sep  9 21:51:55 2019] Launched impl_1...
Run output will be captured here: D:/Lab_Digitales/lab5.srcs/lab5.runs/impl_1/runme.log
INFO: [Labtoolstcl 44-466] Opening hw_target localhost:3121/xilinx_tcf/Digilent/210183AA621DA
INFO: [Labtools 27-1435] Device xc7a35t (JTAG device index = 0) is not programmed (DONE status = 0).
WARNING: [Labtoolstcl 44-129] No matching hw_ila_data was found.
refresh_design
INFO: [Project 1-479] Netlist was created with Vivado 2019.1
INFO: [Project 1-570] Preparing netlist for logic optimization
INFO: [Timing 38-478] Restoring timing data from binary archive.
INFO: [Timing 38-479] Binary timing data restore complete.
INFO: [Project 1-856] Restoring constraints from binary archive.
INFO: [Project 1-853] Binary constraint restore complete.
Reading XDEF placement.
Reading placer database...
Reading XDEF routing.
Read XDEF File: Time (s): cpu = 00:00:00 ; elapsed = 00:00:00.238 . Memory (MB): peak = 3189.949 ; gain = 0.000
Restored from archive | CPU: 0.000000 secs | Memory: 0.000000 MB |
Finished XDEF File Restore: Time (s): cpu = 00:00:00 ; elapsed = 00:00:00.239 . Memory (MB): peak = 3189.949 ; gain = 0.000
refresh_design: Time (s): cpu = 00:00:12 ; elapsed = 00:00:10 . Memory (MB): peak = 3527.820 ; gain = 453.277
launch_runs impl_1 -to_step write_bitstream -jobs 4
[Mon Sep  9 21:53:39 2019] Launched impl_1...
Run output will be captured here: D:/Lab_Digitales/lab5.srcs/lab5.runs/impl_1/runme.log
reset_run synth_1
launch_runs impl_1 -to_step write_bitstream -jobs 4
[Mon Sep  9 21:57:30 2019] Launched synth_1...
Run output will be captured here: D:/Lab_Digitales/lab5.srcs/lab5.runs/synth_1/runme.log
[Mon Sep  9 21:57:31 2019] Launched impl_1...
Run output will be captured here: D:/Lab_Digitales/lab5.srcs/lab5.runs/impl_1/runme.log
set_property PROBES.FILE {} [get_hw_devices xc7a35t_0]
set_property FULL_PROBES.FILE {} [get_hw_devices xc7a35t_0]
set_property PROGRAM.FILE {D:/Lab_Digitales/lab5.srcs/lab5.runs/impl_1/display.bit} [get_hw_devices xc7a35t_0]
program_hw_devices [get_hw_devices xc7a35t_0]
INFO: [Labtools 27-3164] End of startup status: HIGH
refresh_hw_device [lindex [get_hw_devices xc7a35t_0] 0]
INFO: [Labtools 27-1434] Device xc7a35t (JTAG device index = 0) is programmed with a design that has no supported debug core(s) in it.
set_property top Boton_mas_menos [current_fileset]
update_compile_order -fileset sources_1
reset_run synth_1
launch_runs synth_1 -jobs 4
[Mon Sep  9 22:02:02 2019] Launched synth_1...
Run output will be captured here: D:/Lab_Digitales/lab5.srcs/lab5.runs/synth_1/runme.log
launch_runs impl_1 -jobs 4
[Mon Sep  9 22:02:56 2019] Launched impl_1...
Run output will be captured here: D:/Lab_Digitales/lab5.srcs/lab5.runs/impl_1/runme.log
launch_runs impl_1 -to_step write_bitstream -jobs 4
[Mon Sep  9 22:04:11 2019] Launched impl_1...
Run output will be captured here: D:/Lab_Digitales/lab5.srcs/lab5.runs/impl_1/runme.log
set_property PROBES.FILE {} [get_hw_devices xc7a35t_0]
set_property FULL_PROBES.FILE {} [get_hw_devices xc7a35t_0]
set_property PROGRAM.FILE {D:/Lab_Digitales/lab5.srcs/lab5.runs/impl_1/Boton_mas_menos.bit} [get_hw_devices xc7a35t_0]
program_hw_devices [get_hw_devices xc7a35t_0]
INFO: [Labtools 27-3164] End of startup status: HIGH
refresh_hw_device [lindex [get_hw_devices xc7a35t_0] 0]
INFO: [Labtools 27-1434] Device xc7a35t (JTAG device index = 0) is programmed with a design that has no supported debug core(s) in it.
set_property PROBES.FILE {} [get_hw_devices xc7a35t_0]
set_property FULL_PROBES.FILE {} [get_hw_devices xc7a35t_0]
set_property PROGRAM.FILE {D:/Lab_Digitales/lab5.srcs/lab5.runs/impl_1/Boton_mas_menos.bit} [get_hw_devices xc7a35t_0]
program_hw_devices [get_hw_devices xc7a35t_0]
INFO: [Labtools 27-3164] End of startup status: HIGH
refresh_hw_device [lindex [get_hw_devices xc7a35t_0] 0]
INFO: [Labtools 27-1434] Device xc7a35t (JTAG device index = 0) is programmed with a design that has no supported debug core(s) in it.
reset_run impl_1 -prev_step 
launch_runs impl_1 -to_step write_bitstream -jobs 4
WARNING: [Vivado 12-872] Run step 'Design Initialization' is out-of-date.
[Mon Sep  9 22:10:38 2019] Launched impl_1...
Run output will be captured here: D:/Lab_Digitales/lab5.srcs/lab5.runs/impl_1/runme.log
set_property PROBES.FILE {} [get_hw_devices xc7a35t_0]
set_property FULL_PROBES.FILE {} [get_hw_devices xc7a35t_0]
set_property PROGRAM.FILE {D:/Lab_Digitales/lab5.srcs/lab5.runs/impl_1/Boton_mas_menos.bit} [get_hw_devices xc7a35t_0]
program_hw_devices [get_hw_devices xc7a35t_0]
INFO: [Labtools 27-3164] End of startup status: HIGH
refresh_hw_device [lindex [get_hw_devices xc7a35t_0] 0]
INFO: [Labtools 27-1434] Device xc7a35t (JTAG device index = 0) is programmed with a design that has no supported debug core(s) in it.
reset_run synth_1
launch_runs impl_1 -to_step write_bitstream -jobs 4
[Mon Sep  9 22:14:54 2019] Launched synth_1...
Run output will be captured here: D:/Lab_Digitales/lab5.srcs/lab5.runs/synth_1/runme.log
[Mon Sep  9 22:14:54 2019] Launched impl_1...
Run output will be captured here: D:/Lab_Digitales/lab5.srcs/lab5.runs/impl_1/runme.log
set_property PROBES.FILE {} [get_hw_devices xc7a35t_0]
set_property FULL_PROBES.FILE {} [get_hw_devices xc7a35t_0]
set_property PROGRAM.FILE {D:/Lab_Digitales/lab5.srcs/lab5.runs/impl_1/Boton_mas_menos.bit} [get_hw_devices xc7a35t_0]
program_hw_devices [get_hw_devices xc7a35t_0]
INFO: [Labtools 27-3164] End of startup status: HIGH
refresh_hw_device [lindex [get_hw_devices xc7a35t_0] 0]
INFO: [Labtools 27-1434] Device xc7a35t (JTAG device index = 0) is programmed with a design that has no supported debug core(s) in it.
reset_run synth_1
launch_runs impl_1 -to_step write_bitstream -jobs 4
[Mon Sep  9 22:20:23 2019] Launched synth_1...
Run output will be captured here: D:/Lab_Digitales/lab5.srcs/lab5.runs/synth_1/runme.log
[Mon Sep  9 22:20:23 2019] Launched impl_1...
Run output will be captured here: D:/Lab_Digitales/lab5.srcs/lab5.runs/impl_1/runme.log
set_property PROBES.FILE {} [get_hw_devices xc7a35t_0]
set_property FULL_PROBES.FILE {} [get_hw_devices xc7a35t_0]
set_property PROGRAM.FILE {D:/Lab_Digitales/lab5.srcs/lab5.runs/impl_1/Boton_mas_menos.bit} [get_hw_devices xc7a35t_0]
program_hw_devices [get_hw_devices xc7a35t_0]
INFO: [Labtools 27-3164] End of startup status: HIGH
refresh_hw_device [lindex [get_hw_devices xc7a35t_0] 0]
INFO: [Labtools 27-1434] Device xc7a35t (JTAG device index = 0) is programmed with a design that has no supported debug core(s) in it.
reset_run synth_1
launch_runs synth_1 -jobs 4
[Mon Sep  9 22:31:00 2019] Launched synth_1...
Run output will be captured here: D:/Lab_Digitales/lab5.srcs/lab5.runs/synth_1/runme.log
launch_runs impl_1 -jobs 4
[Mon Sep  9 22:31:52 2019] Launched impl_1...
Run output will be captured here: D:/Lab_Digitales/lab5.srcs/lab5.runs/impl_1/runme.log
launch_runs impl_1 -to_step write_bitstream -jobs 4
WARNING: [Vivado 12-872] Run step 'Design Initialization' is out-of-date.
[Mon Sep  9 22:33:50 2019] Launched impl_1...
Run output will be captured here: D:/Lab_Digitales/lab5.srcs/lab5.runs/impl_1/runme.log
reset_run synth_1
launch_runs impl_1 -to_step write_bitstream -jobs 4
[Mon Sep  9 22:35:33 2019] Launched synth_1...
Run output will be captured here: D:/Lab_Digitales/lab5.srcs/lab5.runs/synth_1/runme.log
[Mon Sep  9 22:35:33 2019] Launched impl_1...
Run output will be captured here: D:/Lab_Digitales/lab5.srcs/lab5.runs/impl_1/runme.log
set_property PROBES.FILE {} [get_hw_devices xc7a35t_0]
set_property FULL_PROBES.FILE {} [get_hw_devices xc7a35t_0]
set_property PROGRAM.FILE {D:/Lab_Digitales/lab5.srcs/lab5.runs/impl_1/Boton_mas_menos.bit} [get_hw_devices xc7a35t_0]
program_hw_devices [get_hw_devices xc7a35t_0]
INFO: [Labtools 27-3164] End of startup status: HIGH
refresh_hw_device [lindex [get_hw_devices xc7a35t_0] 0]
INFO: [Labtools 27-1434] Device xc7a35t (JTAG device index = 0) is programmed with a design that has no supported debug core(s) in it.
reset_run impl_1 -prev_step 
launch_runs impl_1 -to_step write_bitstream -jobs 4
WARNING: [Vivado 12-872] Run step 'Design Initialization' is out-of-date.
[Mon Sep  9 22:38:44 2019] Launched impl_1...
Run output will be captured here: D:/Lab_Digitales/lab5.srcs/lab5.runs/impl_1/runme.log
set_property PROBES.FILE {} [get_hw_devices xc7a35t_0]
set_property FULL_PROBES.FILE {} [get_hw_devices xc7a35t_0]
set_property PROGRAM.FILE {D:/Lab_Digitales/lab5.srcs/lab5.runs/impl_1/Boton_mas_menos.bit} [get_hw_devices xc7a35t_0]
program_hw_devices [get_hw_devices xc7a35t_0]
INFO: [Labtools 27-3164] End of startup status: HIGH
refresh_hw_device [lindex [get_hw_devices xc7a35t_0] 0]
INFO: [Labtools 27-1434] Device xc7a35t (JTAG device index = 0) is programmed with a design that has no supported debug core(s) in it.
ERROR: [Labtoolstcl 44-513] HW Target shutdown. Closing target: localhost:3121/xilinx_tcf/Digilent/210183AA621DA
reset_run synth_1
launch_runs impl_1 -to_step write_bitstream -jobs 4
[Tue Sep 10 09:29:34 2019] Launched synth_1...
Run output will be captured here: D:/Lab_Digitales/lab5.srcs/lab5.runs/synth_1/runme.log
[Tue Sep 10 09:29:34 2019] Launched impl_1...
Run output will be captured here: D:/Lab_Digitales/lab5.srcs/lab5.runs/impl_1/runme.log
INFO: [Labtoolstcl 44-466] Opening hw_target localhost:3121/xilinx_tcf/Digilent/210183AA621DA
INFO: [Labtools 27-1435] Device xc7a35t (JTAG device index = 0) is not programmed (DONE status = 0).
WARNING: [Labtoolstcl 44-129] No matching hw_ila_data was found.
set_property PROBES.FILE {} [get_hw_devices xc7a35t_0]
set_property FULL_PROBES.FILE {} [get_hw_devices xc7a35t_0]
set_property PROGRAM.FILE {D:/Lab_Digitales/lab5.srcs/lab5.runs/impl_1/Boton_mas_menos.bit} [get_hw_devices xc7a35t_0]
program_hw_devices [get_hw_devices xc7a35t_0]
INFO: [Labtools 27-3164] End of startup status: HIGH
refresh_hw_device [lindex [get_hw_devices xc7a35t_0] 0]
INFO: [Labtools 27-1434] Device xc7a35t (JTAG device index = 0) is programmed with a design that has no supported debug core(s) in it.
reset_run synth_1
launch_runs synth_1 -jobs 4
[Tue Sep 10 09:40:24 2019] Launched synth_1...
Run output will be captured here: D:/Lab_Digitales/lab5.srcs/lab5.runs/synth_1/runme.log
launch_runs impl_1 -jobs 4
[Tue Sep 10 09:46:58 2019] Launched impl_1...
Run output will be captured here: D:/Lab_Digitales/lab5.srcs/lab5.runs/impl_1/runme.log
ERROR: [Labtoolstcl 44-513] HW Target shutdown. Closing target: localhost:3121/xilinx_tcf/Digilent/210183AA621DA
launch_runs impl_1 -to_step write_bitstream -jobs 4
[Tue Sep 10 09:50:27 2019] Launched impl_1...
Run output will be captured here: D:/Lab_Digitales/lab5.srcs/lab5.runs/impl_1/runme.log
close [ open D:/Lab_Digitales/lab5.srcs/lab5.srcs/sources_1/new/LEDs_mgmt.v w ]
add_files D:/Lab_Digitales/lab5.srcs/lab5.srcs/sources_1/new/LEDs_mgmt.v
update_compile_order -fileset sources_1
reset_run synth_1
launch_runs synth_1 -jobs 4
[Tue Sep 10 18:33:53 2019] Launched synth_1...
Run output will be captured here: D:/Lab_Digitales/lab5.srcs/lab5.runs/synth_1/runme.log
launch_runs impl_1 -jobs 4
[Tue Sep 10 18:35:11 2019] Launched impl_1...
Run output will be captured here: D:/Lab_Digitales/lab5.srcs/lab5.runs/impl_1/runme.log
launch_runs impl_1 -to_step write_bitstream -jobs 4
[Tue Sep 10 18:45:55 2019] Launched impl_1...
Run output will be captured here: D:/Lab_Digitales/lab5.srcs/lab5.runs/impl_1/runme.log
INFO: [Labtoolstcl 44-466] Opening hw_target localhost:3121/xilinx_tcf/Digilent/210183AA621DA
INFO: [Labtools 27-1435] Device xc7a35t (JTAG device index = 0) is not programmed (DONE status = 0).
WARNING: [Labtoolstcl 44-129] No matching hw_ila_data was found.
set_property top LEDs_mgmt [current_fileset]
update_compile_order -fileset sources_1
set_property PROBES.FILE {} [get_hw_devices xc7a35t_0]
set_property FULL_PROBES.FILE {} [get_hw_devices xc7a35t_0]
set_property PROGRAM.FILE {D:/Lab_Digitales/lab5.srcs/lab5.runs/impl_1/Boton_mas_menos.bit} [get_hw_devices xc7a35t_0]
program_hw_devices [get_hw_devices xc7a35t_0]
INFO: [Labtools 27-3164] End of startup status: HIGH
refresh_hw_device [lindex [get_hw_devices xc7a35t_0] 0]
INFO: [Labtools 27-1434] Device xc7a35t (JTAG device index = 0) is programmed with a design that has no supported debug core(s) in it.
reset_run synth_1
launch_runs synth_1 -jobs 4
[Tue Sep 10 18:51:46 2019] Launched synth_1...
Run output will be captured here: D:/Lab_Digitales/lab5.srcs/lab5.runs/synth_1/runme.log
launch_runs impl_1 -jobs 4
[Tue Sep 10 18:57:08 2019] Launched impl_1...
Run output will be captured here: D:/Lab_Digitales/lab5.srcs/lab5.runs/impl_1/runme.log
launch_runs impl_1 -to_step write_bitstream -jobs 4
[Tue Sep 10 18:58:38 2019] Launched impl_1...
Run output will be captured here: D:/Lab_Digitales/lab5.srcs/lab5.runs/impl_1/runme.log
reset_run synth_1
launch_runs impl_1 -to_step write_bitstream -jobs 4
[Tue Sep 10 19:02:31 2019] Launched synth_1...
Run output will be captured here: D:/Lab_Digitales/lab5.srcs/lab5.runs/synth_1/runme.log
[Tue Sep 10 19:02:31 2019] Launched impl_1...
Run output will be captured here: D:/Lab_Digitales/lab5.srcs/lab5.runs/impl_1/runme.log
set_property PROBES.FILE {} [get_hw_devices xc7a35t_0]
set_property FULL_PROBES.FILE {} [get_hw_devices xc7a35t_0]
set_property PROGRAM.FILE {D:/Lab_Digitales/lab5.srcs/lab5.runs/impl_1/LEDs_mgmt.bit} [get_hw_devices xc7a35t_0]
program_hw_devices [get_hw_devices xc7a35t_0]
INFO: [Labtools 27-3164] End of startup status: HIGH
refresh_hw_device [lindex [get_hw_devices xc7a35t_0] 0]
INFO: [Labtools 27-1434] Device xc7a35t (JTAG device index = 0) is programmed with a design that has no supported debug core(s) in it.
set_property PROBES.FILE {} [get_hw_devices xc7a35t_0]
set_property FULL_PROBES.FILE {} [get_hw_devices xc7a35t_0]
set_property PROGRAM.FILE {D:/Lab_Digitales/lab5.srcs/lab5.runs/impl_1/LEDs_mgmt.bit} [get_hw_devices xc7a35t_0]
program_hw_devices [get_hw_devices xc7a35t_0]
INFO: [Labtools 27-3164] End of startup status: HIGH
refresh_hw_device [lindex [get_hw_devices xc7a35t_0] 0]
INFO: [Labtools 27-1434] Device xc7a35t (JTAG device index = 0) is programmed with a design that has no supported debug core(s) in it.
reset_run synth_1
launch_runs impl_1 -to_step write_bitstream -jobs 4
[Tue Sep 10 19:19:47 2019] Launched synth_1...
Run output will be captured here: D:/Lab_Digitales/lab5.srcs/lab5.runs/synth_1/runme.log
[Tue Sep 10 19:19:47 2019] Launched impl_1...
Run output will be captured here: D:/Lab_Digitales/lab5.srcs/lab5.runs/impl_1/runme.log
set_property PROBES.FILE {} [get_hw_devices xc7a35t_0]
set_property FULL_PROBES.FILE {} [get_hw_devices xc7a35t_0]
set_property PROGRAM.FILE {D:/Lab_Digitales/lab5.srcs/lab5.runs/impl_1/LEDs_mgmt.bit} [get_hw_devices xc7a35t_0]
program_hw_devices [get_hw_devices xc7a35t_0]
INFO: [Labtools 27-3164] End of startup status: HIGH
refresh_hw_device [lindex [get_hw_devices xc7a35t_0] 0]
INFO: [Labtools 27-1434] Device xc7a35t (JTAG device index = 0) is programmed with a design that has no supported debug core(s) in it.
ERROR: [Labtoolstcl 44-513] HW Target shutdown. Closing target: localhost:3121/xilinx_tcf/Digilent/210183AA621DA
close [ open D:/Lab_Digitales/lab5.srcs/lab5.srcs/sources_1/new/Deboucing.v w ]
add_files D:/Lab_Digitales/lab5.srcs/lab5.srcs/sources_1/new/Deboucing.v
update_compile_order -fileset sources_1
