Copyright 1986-2019 Xilinx, Inc. All Rights Reserved.
-----------------------------------------------------------------------------------------------------------------------------------------------------------------------------------------------
| Tool Version : Vivado v.2019.1 (win64) Build 2552052 Fri May 24 14:49:42 MDT 2019
| Date         : Tue Oct 15 20:05:39 2019
| Host         : Danielitoh running 64-bit major release  (build 9200)
| Command      : report_methodology -file calculadora_monedas_methodology_drc_routed.rpt -pb calculadora_monedas_methodology_drc_routed.pb -rpx calculadora_monedas_methodology_drc_routed.rpx
| Design       : calculadora_monedas
| Device       : xc7a35tcpg236-1
| Speed File   : -1
| Design State : Fully Routed
-----------------------------------------------------------------------------------------------------------------------------------------------------------------------------------------------

Report Methodology

Table of Contents
-----------------
1. REPORT SUMMARY
2. REPORT DETAILS

1. REPORT SUMMARY
-----------------
            Netlist: netlist
          Floorplan: design_1
      Design limits: <entire design considered>
             Max violations: <unlimited>
             Violations found: 57
+-----------+------------------+-----------------------------+------------+
| Rule      | Severity         | Description                 | Violations |
+-----------+------------------+-----------------------------+------------+
| TIMING-17 | Critical Warning | Non-clocked sequential cell | 41         |
| TIMING-20 | Warning          | Non-clocked latch           | 16         |
+-----------+------------------+-----------------------------+------------+

2. REPORT DETAILS
-----------------
TIMING-17#1 Critical Warning
Non-clocked sequential cell  
The clock pin monedas_500_reg[0]/C is not reached by a timing clock
Related violations: <none>

TIMING-17#2 Critical Warning
Non-clocked sequential cell  
The clock pin monedas_500_reg[10]/C is not reached by a timing clock
Related violations: <none>

TIMING-17#3 Critical Warning
Non-clocked sequential cell  
The clock pin monedas_500_reg[11]/C is not reached by a timing clock
Related violations: <none>

TIMING-17#4 Critical Warning
Non-clocked sequential cell  
The clock pin monedas_500_reg[12]/C is not reached by a timing clock
Related violations: <none>

TIMING-17#5 Critical Warning
Non-clocked sequential cell  
The clock pin monedas_500_reg[13]/C is not reached by a timing clock
Related violations: <none>

TIMING-17#6 Critical Warning
Non-clocked sequential cell  
The clock pin monedas_500_reg[1]/C is not reached by a timing clock
Related violations: <none>

TIMING-17#7 Critical Warning
Non-clocked sequential cell  
The clock pin monedas_500_reg[2]/C is not reached by a timing clock
Related violations: <none>

TIMING-17#8 Critical Warning
Non-clocked sequential cell  
The clock pin monedas_500_reg[3]/C is not reached by a timing clock
Related violations: <none>

TIMING-17#9 Critical Warning
Non-clocked sequential cell  
The clock pin monedas_500_reg[4]/C is not reached by a timing clock
Related violations: <none>

TIMING-17#10 Critical Warning
Non-clocked sequential cell  
The clock pin monedas_500_reg[5]/C is not reached by a timing clock
Related violations: <none>

TIMING-17#11 Critical Warning
Non-clocked sequential cell  
The clock pin monedas_500_reg[6]/C is not reached by a timing clock
Related violations: <none>

TIMING-17#12 Critical Warning
Non-clocked sequential cell  
The clock pin monedas_500_reg[7]/C is not reached by a timing clock
Related violations: <none>

TIMING-17#13 Critical Warning
Non-clocked sequential cell  
The clock pin monedas_500_reg[8]/C is not reached by a timing clock
Related violations: <none>

TIMING-17#14 Critical Warning
Non-clocked sequential cell  
The clock pin monedas_500_reg[9]/C is not reached by a timing clock
Related violations: <none>

TIMING-17#15 Critical Warning
Non-clocked sequential cell  
The clock pin monto_actual_reg[10]/C is not reached by a timing clock
Related violations: <none>

TIMING-17#16 Critical Warning
Non-clocked sequential cell  
The clock pin monto_actual_reg[11]/C is not reached by a timing clock
Related violations: <none>

TIMING-17#17 Critical Warning
Non-clocked sequential cell  
The clock pin monto_actual_reg[12]/C is not reached by a timing clock
Related violations: <none>

TIMING-17#18 Critical Warning
Non-clocked sequential cell  
The clock pin monto_actual_reg[13]/C is not reached by a timing clock
Related violations: <none>

TIMING-17#19 Critical Warning
Non-clocked sequential cell  
The clock pin monto_actual_reg[1]/C is not reached by a timing clock
Related violations: <none>

TIMING-17#20 Critical Warning
Non-clocked sequential cell  
The clock pin monto_actual_reg[2]/C is not reached by a timing clock
Related violations: <none>

TIMING-17#21 Critical Warning
Non-clocked sequential cell  
The clock pin monto_actual_reg[3]/C is not reached by a timing clock
Related violations: <none>

TIMING-17#22 Critical Warning
Non-clocked sequential cell  
The clock pin monto_actual_reg[4]/C is not reached by a timing clock
Related violations: <none>

TIMING-17#23 Critical Warning
Non-clocked sequential cell  
The clock pin monto_actual_reg[5]/C is not reached by a timing clock
Related violations: <none>

TIMING-17#24 Critical Warning
Non-clocked sequential cell  
The clock pin monto_actual_reg[6]/C is not reached by a timing clock
Related violations: <none>

TIMING-17#25 Critical Warning
Non-clocked sequential cell  
The clock pin monto_actual_reg[7]/C is not reached by a timing clock
Related violations: <none>

TIMING-17#26 Critical Warning
Non-clocked sequential cell  
The clock pin monto_actual_reg[8]/C is not reached by a timing clock
Related violations: <none>

TIMING-17#27 Critical Warning
Non-clocked sequential cell  
The clock pin monto_actual_reg[9]/C is not reached by a timing clock
Related violations: <none>

TIMING-17#28 Critical Warning
Non-clocked sequential cell  
The clock pin nolabel_line65/nolabel_line37/nolabel_line22/anodo_reg[0]/C is not reached by a timing clock
Related violations: <none>

TIMING-17#29 Critical Warning
Non-clocked sequential cell  
The clock pin nolabel_line65/nolabel_line37/nolabel_line22/anodo_reg[1]/C is not reached by a timing clock
Related violations: <none>

TIMING-17#30 Critical Warning
Non-clocked sequential cell  
The clock pin nolabel_line65/nolabel_line37/nolabel_line22/anodo_reg[2]/C is not reached by a timing clock
Related violations: <none>

TIMING-17#31 Critical Warning
Non-clocked sequential cell  
The clock pin nolabel_line65/nolabel_line37/nolabel_line22/anodo_reg[3]/C is not reached by a timing clock
Related violations: <none>

TIMING-17#32 Critical Warning
Non-clocked sequential cell  
The clock pin nolabel_line65/nolabel_line37/nolabel_line22/segments_reg[0]/C is not reached by a timing clock
Related violations: <none>

TIMING-17#33 Critical Warning
Non-clocked sequential cell  
The clock pin nolabel_line65/nolabel_line37/nolabel_line22/segments_reg[1]/C is not reached by a timing clock
Related violations: <none>

TIMING-17#34 Critical Warning
Non-clocked sequential cell  
The clock pin nolabel_line65/nolabel_line37/nolabel_line22/segments_reg[2]/C is not reached by a timing clock
Related violations: <none>

TIMING-17#35 Critical Warning
Non-clocked sequential cell  
The clock pin nolabel_line65/nolabel_line37/nolabel_line22/segments_reg[3]/C is not reached by a timing clock
Related violations: <none>

TIMING-17#36 Critical Warning
Non-clocked sequential cell  
The clock pin nolabel_line65/nolabel_line37/nolabel_line22/segments_reg[4]/C is not reached by a timing clock
Related violations: <none>

TIMING-17#37 Critical Warning
Non-clocked sequential cell  
The clock pin nolabel_line65/nolabel_line37/nolabel_line22/segments_reg[5]/C is not reached by a timing clock
Related violations: <none>

TIMING-17#38 Critical Warning
Non-clocked sequential cell  
The clock pin nolabel_line65/nolabel_line37/nolabel_line22/segments_reg[6]/C is not reached by a timing clock
Related violations: <none>

TIMING-17#39 Critical Warning
Non-clocked sequential cell  
The clock pin nolabel_line65/nolabel_line37/nolabel_line22/selector_reg[0]/C is not reached by a timing clock
Related violations: <none>

TIMING-17#40 Critical Warning
Non-clocked sequential cell  
The clock pin nolabel_line65/nolabel_line37/nolabel_line22/selector_reg[1]/C is not reached by a timing clock
Related violations: <none>

TIMING-17#41 Critical Warning
Non-clocked sequential cell  
The clock pin nolabel_line65/nolabel_line37/nolabel_line22/selector_reg[2]/C is not reached by a timing clock
Related violations: <none>

TIMING-20#1 Warning
Non-clocked latch  
The latch nolabel_line65/nolabel_line37/nolabel_line13/decena_reg[0] cannot be properly analyzed as its control pin nolabel_line65/nolabel_line37/nolabel_line13/decena_reg[0]/G is not reached by a timing clock
Related violations: <none>

TIMING-20#2 Warning
Non-clocked latch  
The latch nolabel_line65/nolabel_line37/nolabel_line13/decena_reg[1] cannot be properly analyzed as its control pin nolabel_line65/nolabel_line37/nolabel_line13/decena_reg[1]/G is not reached by a timing clock
Related violations: <none>

TIMING-20#3 Warning
Non-clocked latch  
The latch nolabel_line65/nolabel_line37/nolabel_line13/decena_reg[2] cannot be properly analyzed as its control pin nolabel_line65/nolabel_line37/nolabel_line13/decena_reg[2]/G is not reached by a timing clock
Related violations: <none>

TIMING-20#4 Warning
Non-clocked latch  
The latch nolabel_line65/nolabel_line37/nolabel_line13/decena_reg[3] cannot be properly analyzed as its control pin nolabel_line65/nolabel_line37/nolabel_line13/decena_reg[3]/G is not reached by a timing clock
Related violations: <none>

TIMING-20#5 Warning
Non-clocked latch  
The latch nolabel_line65/nolabel_line37/nolabel_line13/unidad_reg[0] cannot be properly analyzed as its control pin nolabel_line65/nolabel_line37/nolabel_line13/unidad_reg[0]/G is not reached by a timing clock
Related violations: <none>

TIMING-20#6 Warning
Non-clocked latch  
The latch nolabel_line65/nolabel_line37/nolabel_line13/unidad_reg[1] cannot be properly analyzed as its control pin nolabel_line65/nolabel_line37/nolabel_line13/unidad_reg[1]/G is not reached by a timing clock
Related violations: <none>

TIMING-20#7 Warning
Non-clocked latch  
The latch nolabel_line65/nolabel_line37/nolabel_line13/unidad_reg[2] cannot be properly analyzed as its control pin nolabel_line65/nolabel_line37/nolabel_line13/unidad_reg[2]/G is not reached by a timing clock
Related violations: <none>

TIMING-20#8 Warning
Non-clocked latch  
The latch nolabel_line65/nolabel_line37/nolabel_line13/unidad_reg[3] cannot be properly analyzed as its control pin nolabel_line65/nolabel_line37/nolabel_line13/unidad_reg[3]/G is not reached by a timing clock
Related violations: <none>

TIMING-20#9 Warning
Non-clocked latch  
The latch nolabel_line65/nolabel_line37/nolabel_line14/decena_reg[0] cannot be properly analyzed as its control pin nolabel_line65/nolabel_line37/nolabel_line14/decena_reg[0]/G is not reached by a timing clock
Related violations: <none>

TIMING-20#10 Warning
Non-clocked latch  
The latch nolabel_line65/nolabel_line37/nolabel_line14/decena_reg[1] cannot be properly analyzed as its control pin nolabel_line65/nolabel_line37/nolabel_line14/decena_reg[1]/G is not reached by a timing clock
Related violations: <none>

TIMING-20#11 Warning
Non-clocked latch  
The latch nolabel_line65/nolabel_line37/nolabel_line14/decena_reg[2] cannot be properly analyzed as its control pin nolabel_line65/nolabel_line37/nolabel_line14/decena_reg[2]/G is not reached by a timing clock
Related violations: <none>

TIMING-20#12 Warning
Non-clocked latch  
The latch nolabel_line65/nolabel_line37/nolabel_line14/decena_reg[3] cannot be properly analyzed as its control pin nolabel_line65/nolabel_line37/nolabel_line14/decena_reg[3]/G is not reached by a timing clock
Related violations: <none>

TIMING-20#13 Warning
Non-clocked latch  
The latch nolabel_line65/nolabel_line37/nolabel_line14/unidad_reg[0] cannot be properly analyzed as its control pin nolabel_line65/nolabel_line37/nolabel_line14/unidad_reg[0]/G is not reached by a timing clock
Related violations: <none>

TIMING-20#14 Warning
Non-clocked latch  
The latch nolabel_line65/nolabel_line37/nolabel_line14/unidad_reg[1] cannot be properly analyzed as its control pin nolabel_line65/nolabel_line37/nolabel_line14/unidad_reg[1]/G is not reached by a timing clock
Related violations: <none>

TIMING-20#15 Warning
Non-clocked latch  
The latch nolabel_line65/nolabel_line37/nolabel_line14/unidad_reg[2] cannot be properly analyzed as its control pin nolabel_line65/nolabel_line37/nolabel_line14/unidad_reg[2]/G is not reached by a timing clock
Related violations: <none>

TIMING-20#16 Warning
Non-clocked latch  
The latch nolabel_line65/nolabel_line37/nolabel_line14/unidad_reg[3] cannot be properly analyzed as its control pin nolabel_line65/nolabel_line37/nolabel_line14/unidad_reg[3]/G is not reached by a timing clock
Related violations: <none>


