Copyright 1986-2019 Xilinx, Inc. All Rights Reserved.
-----------------------------------------------------------------------------------------------------------------------------------------------------------------------------------------------
| Tool Version : Vivado v.2019.1 (win64) Build 2552052 Fri May 24 14:49:42 MDT 2019
| Date         : Thu Oct 10 16:42:58 2019
| Host         : BJRR running 64-bit major release  (build 9200)
| Command      : report_methodology -file counter_with_button_methodology_drc_routed.rpt -pb counter_with_button_methodology_drc_routed.pb -rpx counter_with_button_methodology_drc_routed.rpx
| Design       : counter_with_button
| Device       : xc7a35tcpg236-1
| Speed File   : -1
| Design State : Fully Routed
-----------------------------------------------------------------------------------------------------------------------------------------------------------------------------------------------

Report Methodology

Table of Contents
-----------------
1. REPORT SUMMARY
2. REPORT DETAILS

1. REPORT SUMMARY
-----------------
            Netlist: netlist
          Floorplan: design_1
      Design limits: <entire design considered>
             Max violations: <unlimited>
             Violations found: 35
+-----------+------------------+-------------------------------+------------+
| Rule      | Severity         | Description                   | Violations |
+-----------+------------------+-------------------------------+------------+
| TIMING-17 | Critical Warning | Non-clocked sequential cell   | 14         |
| TIMING-18 | Warning          | Missing input or output delay | 5          |
| TIMING-20 | Warning          | Non-clocked latch             | 16         |
+-----------+------------------+-------------------------------+------------+

2. REPORT DETAILS
-----------------
TIMING-17#1 Critical Warning
Non-clocked sequential cell  
The clock pin nolabel_line83/nolabel_line22/anodo_reg[0]/C is not reached by a timing clock
Related violations: <none>

TIMING-17#2 Critical Warning
Non-clocked sequential cell  
The clock pin nolabel_line83/nolabel_line22/anodo_reg[1]/C is not reached by a timing clock
Related violations: <none>

TIMING-17#3 Critical Warning
Non-clocked sequential cell  
The clock pin nolabel_line83/nolabel_line22/anodo_reg[2]/C is not reached by a timing clock
Related violations: <none>

TIMING-17#4 Critical Warning
Non-clocked sequential cell  
The clock pin nolabel_line83/nolabel_line22/anodo_reg[3]/C is not reached by a timing clock
Related violations: <none>

TIMING-17#5 Critical Warning
Non-clocked sequential cell  
The clock pin nolabel_line83/nolabel_line22/segments_reg[0]/C is not reached by a timing clock
Related violations: <none>

TIMING-17#6 Critical Warning
Non-clocked sequential cell  
The clock pin nolabel_line83/nolabel_line22/segments_reg[1]/C is not reached by a timing clock
Related violations: <none>

TIMING-17#7 Critical Warning
Non-clocked sequential cell  
The clock pin nolabel_line83/nolabel_line22/segments_reg[2]/C is not reached by a timing clock
Related violations: <none>

TIMING-17#8 Critical Warning
Non-clocked sequential cell  
The clock pin nolabel_line83/nolabel_line22/segments_reg[3]/C is not reached by a timing clock
Related violations: <none>

TIMING-17#9 Critical Warning
Non-clocked sequential cell  
The clock pin nolabel_line83/nolabel_line22/segments_reg[4]/C is not reached by a timing clock
Related violations: <none>

TIMING-17#10 Critical Warning
Non-clocked sequential cell  
The clock pin nolabel_line83/nolabel_line22/segments_reg[5]/C is not reached by a timing clock
Related violations: <none>

TIMING-17#11 Critical Warning
Non-clocked sequential cell  
The clock pin nolabel_line83/nolabel_line22/segments_reg[6]/C is not reached by a timing clock
Related violations: <none>

TIMING-17#12 Critical Warning
Non-clocked sequential cell  
The clock pin nolabel_line83/nolabel_line22/selector_reg[0]/C is not reached by a timing clock
Related violations: <none>

TIMING-17#13 Critical Warning
Non-clocked sequential cell  
The clock pin nolabel_line83/nolabel_line22/selector_reg[1]/C is not reached by a timing clock
Related violations: <none>

TIMING-17#14 Critical Warning
Non-clocked sequential cell  
The clock pin nolabel_line83/nolabel_line22/selector_reg[2]/C is not reached by a timing clock
Related violations: <none>

TIMING-18#1 Warning
Missing input or output delay  
An input delay is missing on btnC relative to clock(s) sys_clk_pin
Related violations: <none>

TIMING-18#2 Warning
Missing input or output delay  
An input delay is missing on btnD relative to clock(s) sys_clk_pin
Related violations: <none>

TIMING-18#3 Warning
Missing input or output delay  
An input delay is missing on btnL relative to clock(s) sys_clk_pin
Related violations: <none>

TIMING-18#4 Warning
Missing input or output delay  
An input delay is missing on btnR relative to clock(s) sys_clk_pin
Related violations: <none>

TIMING-18#5 Warning
Missing input or output delay  
An input delay is missing on btnU relative to clock(s) sys_clk_pin
Related violations: <none>

TIMING-20#1 Warning
Non-clocked latch  
The latch nolabel_line83/nolabel_line13/decena_reg[0] cannot be properly analyzed as its control pin nolabel_line83/nolabel_line13/decena_reg[0]/G is not reached by a timing clock
Related violations: <none>

TIMING-20#2 Warning
Non-clocked latch  
The latch nolabel_line83/nolabel_line13/decena_reg[1] cannot be properly analyzed as its control pin nolabel_line83/nolabel_line13/decena_reg[1]/G is not reached by a timing clock
Related violations: <none>

TIMING-20#3 Warning
Non-clocked latch  
The latch nolabel_line83/nolabel_line13/decena_reg[2] cannot be properly analyzed as its control pin nolabel_line83/nolabel_line13/decena_reg[2]/G is not reached by a timing clock
Related violations: <none>

TIMING-20#4 Warning
Non-clocked latch  
The latch nolabel_line83/nolabel_line13/decena_reg[3] cannot be properly analyzed as its control pin nolabel_line83/nolabel_line13/decena_reg[3]/G is not reached by a timing clock
Related violations: <none>

TIMING-20#5 Warning
Non-clocked latch  
The latch nolabel_line83/nolabel_line13/unidad_reg[0] cannot be properly analyzed as its control pin nolabel_line83/nolabel_line13/unidad_reg[0]/G is not reached by a timing clock
Related violations: <none>

TIMING-20#6 Warning
Non-clocked latch  
The latch nolabel_line83/nolabel_line13/unidad_reg[1] cannot be properly analyzed as its control pin nolabel_line83/nolabel_line13/unidad_reg[1]/G is not reached by a timing clock
Related violations: <none>

TIMING-20#7 Warning
Non-clocked latch  
The latch nolabel_line83/nolabel_line13/unidad_reg[2] cannot be properly analyzed as its control pin nolabel_line83/nolabel_line13/unidad_reg[2]/G is not reached by a timing clock
Related violations: <none>

TIMING-20#8 Warning
Non-clocked latch  
The latch nolabel_line83/nolabel_line13/unidad_reg[3] cannot be properly analyzed as its control pin nolabel_line83/nolabel_line13/unidad_reg[3]/G is not reached by a timing clock
Related violations: <none>

TIMING-20#9 Warning
Non-clocked latch  
The latch nolabel_line83/nolabel_line14/decena_reg[0] cannot be properly analyzed as its control pin nolabel_line83/nolabel_line14/decena_reg[0]/G is not reached by a timing clock
Related violations: <none>

TIMING-20#10 Warning
Non-clocked latch  
The latch nolabel_line83/nolabel_line14/decena_reg[1] cannot be properly analyzed as its control pin nolabel_line83/nolabel_line14/decena_reg[1]/G is not reached by a timing clock
Related violations: <none>

TIMING-20#11 Warning
Non-clocked latch  
The latch nolabel_line83/nolabel_line14/decena_reg[2] cannot be properly analyzed as its control pin nolabel_line83/nolabel_line14/decena_reg[2]/G is not reached by a timing clock
Related violations: <none>

TIMING-20#12 Warning
Non-clocked latch  
The latch nolabel_line83/nolabel_line14/decena_reg[3] cannot be properly analyzed as its control pin nolabel_line83/nolabel_line14/decena_reg[3]/G is not reached by a timing clock
Related violations: <none>

TIMING-20#13 Warning
Non-clocked latch  
The latch nolabel_line83/nolabel_line14/unidad_reg[0] cannot be properly analyzed as its control pin nolabel_line83/nolabel_line14/unidad_reg[0]/G is not reached by a timing clock
Related violations: <none>

TIMING-20#14 Warning
Non-clocked latch  
The latch nolabel_line83/nolabel_line14/unidad_reg[1] cannot be properly analyzed as its control pin nolabel_line83/nolabel_line14/unidad_reg[1]/G is not reached by a timing clock
Related violations: <none>

TIMING-20#15 Warning
Non-clocked latch  
The latch nolabel_line83/nolabel_line14/unidad_reg[2] cannot be properly analyzed as its control pin nolabel_line83/nolabel_line14/unidad_reg[2]/G is not reached by a timing clock
Related violations: <none>

TIMING-20#16 Warning
Non-clocked latch  
The latch nolabel_line83/nolabel_line14/unidad_reg[3] cannot be properly analyzed as its control pin nolabel_line83/nolabel_line14/unidad_reg[3]/G is not reached by a timing clock
Related violations: <none>


