
*** Running vivado
    with args -log counter_with_button.vds -m64 -product Vivado -mode batch -messageDb vivado.pb -notrace -source counter_with_button.tcl


****** Vivado v2019.1 (64-bit)
  **** SW Build 2552052 on Fri May 24 14:49:42 MDT 2019
  **** IP Build 2548770 on Fri May 24 18:01:18 MDT 2019
    ** Copyright 1986-2019 Xilinx, Inc. All Rights Reserved.

source counter_with_button.tcl -notrace
Command: synth_design -top counter_with_button -part xc7a35tcpg236-1 -effort_level quick
WARNING: [Vivado_Tcl 4-135] The effort_level switch has been deprecated. Please use the -directive switch. Processing will continue in the default mode.
Starting synth_design
Attempting to get a license for feature 'Synthesis' and/or device 'xc7a35t'
INFO: [Common 17-349] Got license for feature 'Synthesis' and/or device 'xc7a35t'
INFO: [Device 21-403] Loading part xc7a35tcpg236-1
INFO: Launching helper process for spawning children vivado processes
INFO: Helper process launched with PID 17760 
---------------------------------------------------------------------------------
Starting RTL Elaboration : Time (s): cpu = 00:00:04 ; elapsed = 00:00:04 . Memory (MB): peak = 701.660 ; gain = 177.340
---------------------------------------------------------------------------------
INFO: [Synth 8-6157] synthesizing module 'counter_with_button' [D:/Lab_Digitales/Lab_Digitales_2019-2/Exp_4/lab4.srcs/lab5.srcs/sources_1/new/counter_with_button.v:23]
INFO: [Synth 8-6157] synthesizing module 'DeBouncer_D' [D:/Lab_Digitales/Lab_Digitales_2019-2/Exp_4/lab4.srcs/lab5.srcs/sources_1/new/Debouncer_D.v:1]
INFO: [Synth 8-6157] synthesizing module 'FlipFlopD' [D:/Lab_Digitales/Lab_Digitales_2019-2/Exp_4/lab4.srcs/lab5.srcs/sources_1/new/Flip_FlopD.v:23]
INFO: [Synth 8-6155] done synthesizing module 'FlipFlopD' (1#1) [D:/Lab_Digitales/Lab_Digitales_2019-2/Exp_4/lab4.srcs/lab5.srcs/sources_1/new/Flip_FlopD.v:23]
INFO: [Synth 8-6155] done synthesizing module 'DeBouncer_D' (2#1) [D:/Lab_Digitales/Lab_Digitales_2019-2/Exp_4/lab4.srcs/lab5.srcs/sources_1/new/Debouncer_D.v:1]
INFO: [Synth 8-6157] synthesizing module 'display_7s' [D:/Lab_Digitales/Lab_Digitales_2019-2/Exp_4/lab4.srcs/lab5.srcs/sources_1/new/display_7s.v:3]
INFO: [Synth 8-6157] synthesizing module 'digit_separator' [D:/Lab_Digitales/Lab_Digitales_2019-2/Exp_4/lab4.srcs/lab5.srcs/sources_1/new/digit_separator.v:1]
INFO: [Synth 8-6155] done synthesizing module 'digit_separator' (3#1) [D:/Lab_Digitales/Lab_Digitales_2019-2/Exp_4/lab4.srcs/lab5.srcs/sources_1/new/digit_separator.v:1]
INFO: [Synth 8-6157] synthesizing module 'seven_seg_converter' [D:/Lab_Digitales/Lab_Digitales_2019-2/Exp_4/lab4.srcs/lab5.srcs/sources_1/new/seven_seg_converter.v:23]
INFO: [Synth 8-6155] done synthesizing module 'seven_seg_converter' (4#1) [D:/Lab_Digitales/Lab_Digitales_2019-2/Exp_4/lab4.srcs/lab5.srcs/sources_1/new/seven_seg_converter.v:23]
INFO: [Synth 8-6157] synthesizing module 'seven_seg_manager_4digit' [D:/Lab_Digitales/Lab_Digitales_2019-2/Exp_4/lab4.srcs/lab5.srcs/sources_1/new/seven_seg_manager4digit.v:23]
INFO: [Synth 8-6157] synthesizing module 'clk_divider_7segment' [D:/Lab_Digitales/Lab_Digitales_2019-2/Exp_4/lab4.srcs/lab5.srcs/sources_1/new/clk_divider_7segment.v:23]
INFO: [Synth 8-6155] done synthesizing module 'clk_divider_7segment' (5#1) [D:/Lab_Digitales/Lab_Digitales_2019-2/Exp_4/lab4.srcs/lab5.srcs/sources_1/new/clk_divider_7segment.v:23]
INFO: [Synth 8-6155] done synthesizing module 'seven_seg_manager_4digit' (6#1) [D:/Lab_Digitales/Lab_Digitales_2019-2/Exp_4/lab4.srcs/lab5.srcs/sources_1/new/seven_seg_manager4digit.v:23]
INFO: [Synth 8-6155] done synthesizing module 'display_7s' (7#1) [D:/Lab_Digitales/Lab_Digitales_2019-2/Exp_4/lab4.srcs/lab5.srcs/sources_1/new/display_7s.v:3]
INFO: [Synth 8-6155] done synthesizing module 'counter_with_button' (8#1) [D:/Lab_Digitales/Lab_Digitales_2019-2/Exp_4/lab4.srcs/lab5.srcs/sources_1/new/counter_with_button.v:23]
---------------------------------------------------------------------------------
Finished RTL Elaboration : Time (s): cpu = 00:00:05 ; elapsed = 00:00:06 . Memory (MB): peak = 765.484 ; gain = 241.164
---------------------------------------------------------------------------------

Report Check Netlist: 
+------+------------------+-------+---------+-------+------------------+
|      |Item              |Errors |Warnings |Status |Description       |
+------+------------------+-------+---------+-------+------------------+
|1     |multi_driven_nets |      0|        0|Passed |Multi driven nets |
+------+------------------+-------+---------+-------+------------------+
---------------------------------------------------------------------------------
Start Handling Custom Attributes
---------------------------------------------------------------------------------
---------------------------------------------------------------------------------
Finished Handling Custom Attributes : Time (s): cpu = 00:00:06 ; elapsed = 00:00:06 . Memory (MB): peak = 765.484 ; gain = 241.164
---------------------------------------------------------------------------------
---------------------------------------------------------------------------------
Finished RTL Optimization Phase 1 : Time (s): cpu = 00:00:06 ; elapsed = 00:00:06 . Memory (MB): peak = 765.484 ; gain = 241.164
---------------------------------------------------------------------------------
INFO: [Project 1-570] Preparing netlist for logic optimization

Processing XDC Constraints
Initializing timing engine
Parsing XDC File [D:/Lab_Digitales/Lab_Digitales_2019-2/Exp_4/lab4.srcs/lab5.srcs/constrs_1/new/basys.xdc]
Finished Parsing XDC File [D:/Lab_Digitales/Lab_Digitales_2019-2/Exp_4/lab4.srcs/lab5.srcs/constrs_1/new/basys.xdc]
INFO: [Project 1-236] Implementation specific constraints were found while reading constraint file [D:/Lab_Digitales/Lab_Digitales_2019-2/Exp_4/lab4.srcs/lab5.srcs/constrs_1/new/basys.xdc]. These constraints will be ignored for synthesis but will be used in implementation. Impacted constraints are listed in the file [.Xil/counter_with_button_propImpl.xdc].
Resolution: To avoid this warning, move constraints listed in [.Xil/counter_with_button_propImpl.xdc] to another XDC file and exclude this new file from synthesis with the used_in_synthesis property (File Properties dialog in GUI) and re-run elaboration/synthesis.
Completed Processing XDC Constraints

Netlist sorting complete. Time (s): cpu = 00:00:00 ; elapsed = 00:00:00 . Memory (MB): peak = 884.375 ; gain = 0.000
INFO: [Project 1-111] Unisim Transformation Summary:
No Unisim elements were transformed.

Constraint Validation Runtime : Time (s): cpu = 00:00:00 ; elapsed = 00:00:00.004 . Memory (MB): peak = 884.375 ; gain = 0.000
---------------------------------------------------------------------------------
Finished Constraint Validation : Time (s): cpu = 00:00:12 ; elapsed = 00:00:12 . Memory (MB): peak = 884.375 ; gain = 360.055
---------------------------------------------------------------------------------
---------------------------------------------------------------------------------
Start Loading Part and Timing Information
---------------------------------------------------------------------------------
Loading part: xc7a35tcpg236-1
---------------------------------------------------------------------------------
Finished Loading Part and Timing Information : Time (s): cpu = 00:00:12 ; elapsed = 00:00:12 . Memory (MB): peak = 884.375 ; gain = 360.055
---------------------------------------------------------------------------------
---------------------------------------------------------------------------------
Start Applying 'set_property' XDC Constraints
---------------------------------------------------------------------------------
---------------------------------------------------------------------------------
Finished applying 'set_property' XDC Constraints : Time (s): cpu = 00:00:12 ; elapsed = 00:00:12 . Memory (MB): peak = 884.375 ; gain = 360.055
---------------------------------------------------------------------------------
WARNING: [Synth 8-327] inferring latch for variable 'decena_reg' [D:/Lab_Digitales/Lab_Digitales_2019-2/Exp_4/lab4.srcs/lab5.srcs/sources_1/new/digit_separator.v:10]
WARNING: [Synth 8-327] inferring latch for variable 'unidad_reg' [D:/Lab_Digitales/Lab_Digitales_2019-2/Exp_4/lab4.srcs/lab5.srcs/sources_1/new/digit_separator.v:11]
---------------------------------------------------------------------------------
Finished RTL Optimization Phase 2 : Time (s): cpu = 00:00:12 ; elapsed = 00:00:13 . Memory (MB): peak = 884.375 ; gain = 360.055
---------------------------------------------------------------------------------

Report RTL Partitions: 
+-+--------------+------------+----------+
| |RTL Partition |Replication |Instances |
+-+--------------+------------+----------+
+-+--------------+------------+----------+
---------------------------------------------------------------------------------
Start RTL Component Statistics 
---------------------------------------------------------------------------------
Detailed RTL Component Info : 
+---Adders : 
	   2 Input     28 Bit       Adders := 1     
	   2 Input      7 Bit       Adders := 2     
	   2 Input      4 Bit       Adders := 2     
	   2 Input      3 Bit       Adders := 1     
+---Registers : 
	               28 Bit    Registers := 1     
	                7 Bit    Registers := 3     
	                4 Bit    Registers := 1     
	                3 Bit    Registers := 1     
	                1 Bit    Registers := 11    
+---Muxes : 
	   4 Input      7 Bit        Muxes := 1     
	   2 Input      7 Bit        Muxes := 1     
	  10 Input      4 Bit        Muxes := 2     
	   9 Input      4 Bit        Muxes := 2     
	   2 Input      4 Bit        Muxes := 3     
	   4 Input      4 Bit        Muxes := 1     
	   2 Input      2 Bit        Muxes := 4     
	  10 Input      1 Bit        Muxes := 2     
---------------------------------------------------------------------------------
Finished RTL Component Statistics 
---------------------------------------------------------------------------------
---------------------------------------------------------------------------------
Start RTL Hierarchical Component Statistics 
---------------------------------------------------------------------------------
Hierarchical RTL Component report 
Module counter_with_button 
Detailed RTL Component Info : 
+---Adders : 
	   2 Input      7 Bit       Adders := 2     
+---Registers : 
	                7 Bit    Registers := 2     
+---Muxes : 
	   2 Input      2 Bit        Muxes := 4     
Module FlipFlopD 
Detailed RTL Component Info : 
+---Registers : 
	                1 Bit    Registers := 1     
Module digit_separator 
Detailed RTL Component Info : 
+---Adders : 
	   2 Input      4 Bit       Adders := 1     
+---Muxes : 
	  10 Input      4 Bit        Muxes := 1     
	   9 Input      4 Bit        Muxes := 1     
	   2 Input      4 Bit        Muxes := 1     
	  10 Input      1 Bit        Muxes := 1     
Module clk_divider_7segment 
Detailed RTL Component Info : 
+---Adders : 
	   2 Input     28 Bit       Adders := 1     
+---Registers : 
	               28 Bit    Registers := 1     
	                1 Bit    Registers := 1     
Module seven_seg_manager_4digit 
Detailed RTL Component Info : 
+---Adders : 
	   2 Input      3 Bit       Adders := 1     
+---Registers : 
	                7 Bit    Registers := 1     
	                4 Bit    Registers := 1     
	                3 Bit    Registers := 1     
+---Muxes : 
	   4 Input      7 Bit        Muxes := 1     
	   2 Input      7 Bit        Muxes := 1     
	   2 Input      4 Bit        Muxes := 1     
	   4 Input      4 Bit        Muxes := 1     
---------------------------------------------------------------------------------
Finished RTL Hierarchical Component Statistics
---------------------------------------------------------------------------------
---------------------------------------------------------------------------------
Start Part Resource Summary
---------------------------------------------------------------------------------
Part Resources:
DSPs: 90 (col length:60)
BRAMs: 100 (col length: RAMB18 60 RAMB36 30)
---------------------------------------------------------------------------------
Finished Part Resource Summary
---------------------------------------------------------------------------------
---------------------------------------------------------------------------------
Start Cross Boundary and Area Optimization
---------------------------------------------------------------------------------
Warning: Parallel synthesis criteria is not met 
---------------------------------------------------------------------------------
Finished Cross Boundary and Area Optimization : Time (s): cpu = 00:00:15 ; elapsed = 00:00:16 . Memory (MB): peak = 884.375 ; gain = 360.055
---------------------------------------------------------------------------------

Report RTL Partitions: 
+-+--------------+------------+----------+
| |RTL Partition |Replication |Instances |
+-+--------------+------------+----------+
+-+--------------+------------+----------+
---------------------------------------------------------------------------------
Start Applying XDC Timing Constraints
---------------------------------------------------------------------------------
---------------------------------------------------------------------------------
Finished Applying XDC Timing Constraints : Time (s): cpu = 00:00:23 ; elapsed = 00:00:24 . Memory (MB): peak = 884.375 ; gain = 360.055
---------------------------------------------------------------------------------
---------------------------------------------------------------------------------
Start Timing Optimization
---------------------------------------------------------------------------------
---------------------------------------------------------------------------------
Finished Timing Optimization : Time (s): cpu = 00:00:24 ; elapsed = 00:00:25 . Memory (MB): peak = 892.047 ; gain = 367.727
---------------------------------------------------------------------------------

Report RTL Partitions: 
+-+--------------+------------+----------+
| |RTL Partition |Replication |Instances |
+-+--------------+------------+----------+
+-+--------------+------------+----------+
---------------------------------------------------------------------------------
Start Technology Mapping
---------------------------------------------------------------------------------
---------------------------------------------------------------------------------
Finished Technology Mapping : Time (s): cpu = 00:00:24 ; elapsed = 00:00:25 . Memory (MB): peak = 892.047 ; gain = 367.727
---------------------------------------------------------------------------------

Report RTL Partitions: 
+-+--------------+------------+----------+
| |RTL Partition |Replication |Instances |
+-+--------------+------------+----------+
+-+--------------+------------+----------+
---------------------------------------------------------------------------------
Start IO Insertion
---------------------------------------------------------------------------------
---------------------------------------------------------------------------------
Start Flattening Before IO Insertion
---------------------------------------------------------------------------------
---------------------------------------------------------------------------------
Finished Flattening Before IO Insertion
---------------------------------------------------------------------------------
---------------------------------------------------------------------------------
Start Final Netlist Cleanup
---------------------------------------------------------------------------------
---------------------------------------------------------------------------------
Finished Final Netlist Cleanup
---------------------------------------------------------------------------------
---------------------------------------------------------------------------------
Finished IO Insertion : Time (s): cpu = 00:00:26 ; elapsed = 00:00:27 . Memory (MB): peak = 900.242 ; gain = 375.922
---------------------------------------------------------------------------------

Report Check Netlist: 
+------+------------------+-------+---------+-------+------------------+
|      |Item              |Errors |Warnings |Status |Description       |
+------+------------------+-------+---------+-------+------------------+
|1     |multi_driven_nets |      0|        0|Passed |Multi driven nets |
+------+------------------+-------+---------+-------+------------------+
---------------------------------------------------------------------------------
Start Renaming Generated Instances
---------------------------------------------------------------------------------
---------------------------------------------------------------------------------
Finished Renaming Generated Instances : Time (s): cpu = 00:00:26 ; elapsed = 00:00:27 . Memory (MB): peak = 900.242 ; gain = 375.922
---------------------------------------------------------------------------------

Report RTL Partitions: 
+-+--------------+------------+----------+
| |RTL Partition |Replication |Instances |
+-+--------------+------------+----------+
+-+--------------+------------+----------+
---------------------------------------------------------------------------------
Start Rebuilding User Hierarchy
---------------------------------------------------------------------------------
---------------------------------------------------------------------------------
Finished Rebuilding User Hierarchy : Time (s): cpu = 00:00:26 ; elapsed = 00:00:27 . Memory (MB): peak = 900.242 ; gain = 375.922
---------------------------------------------------------------------------------
---------------------------------------------------------------------------------
Start Renaming Generated Ports
---------------------------------------------------------------------------------
---------------------------------------------------------------------------------
Finished Renaming Generated Ports : Time (s): cpu = 00:00:26 ; elapsed = 00:00:27 . Memory (MB): peak = 900.242 ; gain = 375.922
---------------------------------------------------------------------------------
---------------------------------------------------------------------------------
Start Handling Custom Attributes
---------------------------------------------------------------------------------
---------------------------------------------------------------------------------
Finished Handling Custom Attributes : Time (s): cpu = 00:00:26 ; elapsed = 00:00:27 . Memory (MB): peak = 900.242 ; gain = 375.922
---------------------------------------------------------------------------------
---------------------------------------------------------------------------------
Start Renaming Generated Nets
---------------------------------------------------------------------------------
---------------------------------------------------------------------------------
Finished Renaming Generated Nets : Time (s): cpu = 00:00:26 ; elapsed = 00:00:27 . Memory (MB): peak = 900.242 ; gain = 375.922
---------------------------------------------------------------------------------
---------------------------------------------------------------------------------
Start Writing Synthesis Report
---------------------------------------------------------------------------------

Report BlackBoxes: 
+-+--------------+----------+
| |BlackBox name |Instances |
+-+--------------+----------+
+-+--------------+----------+

Report Cell Usage: 
+------+-------+------+
|      |Cell   |Count |
+------+-------+------+
|1     |BUFG   |     1|
|2     |CARRY4 |    11|
|3     |LUT1   |     1|
|4     |LUT2   |     9|
|5     |LUT3   |    19|
|6     |LUT4   |    25|
|7     |LUT5   |    12|
|8     |LUT6   |    27|
|9     |MUXF7  |     7|
|10    |FDRE   |    60|
|11    |FDSE   |     7|
|12    |LD     |    16|
|13    |IBUF   |     6|
|14    |OBUF   |    11|
+------+-------+------+

Report Instance Areas: 
+------+---------------------+-------------------------+------+
|      |Instance             |Module                   |Cells |
+------+---------------------+-------------------------+------+
|1     |top                  |                         |   212|
|2     |  nolabel_line42     |DeBouncer_D              |     4|
|3     |    flip1            |FlipFlopD_12             |     3|
|4     |    flip2            |FlipFlopD_13             |     1|
|5     |  nolabel_line43     |DeBouncer_D_0            |     8|
|6     |    flip1            |FlipFlopD_10             |     1|
|7     |    flip2            |FlipFlopD_11             |     7|
|8     |  nolabel_line44     |DeBouncer_D_1            |     8|
|9     |    flip1            |FlipFlopD_8              |     2|
|10    |    flip2            |FlipFlopD_9              |     6|
|11    |  nolabel_line45     |DeBouncer_D_2            |     4|
|12    |    flip1            |FlipFlopD_6              |     2|
|13    |    flip2            |FlipFlopD_7              |     2|
|14    |  nolabel_line46     |DeBouncer_D_3            |     3|
|15    |    flip1            |FlipFlopD                |     2|
|16    |    flip2            |FlipFlopD_5              |     1|
|17    |  nolabel_line83     |display_7s               |   134|
|18    |    nolabel_line13   |digit_separator          |    30|
|19    |    nolabel_line14   |digit_separator_4        |    37|
|20    |    nolabel_line22   |seven_seg_manager_4digit |    67|
|21    |      nolabel_line34 |clk_divider_7segment     |    46|
+------+---------------------+-------------------------+------+
---------------------------------------------------------------------------------
Finished Writing Synthesis Report : Time (s): cpu = 00:00:26 ; elapsed = 00:00:27 . Memory (MB): peak = 900.242 ; gain = 375.922
---------------------------------------------------------------------------------
Synthesis finished with 0 errors, 0 critical warnings and 2 warnings.
Synthesis Optimization Runtime : Time (s): cpu = 00:00:18 ; elapsed = 00:00:25 . Memory (MB): peak = 900.242 ; gain = 257.031
Synthesis Optimization Complete : Time (s): cpu = 00:00:26 ; elapsed = 00:00:27 . Memory (MB): peak = 900.242 ; gain = 375.922
INFO: [Project 1-571] Translating synthesized netlist
INFO: [Netlist 29-17] Analyzing 34 Unisim elements for replacement
INFO: [Netlist 29-28] Unisim Transformation completed in 0 CPU seconds
INFO: [Project 1-570] Preparing netlist for logic optimization
INFO: [Opt 31-138] Pushed 0 inverter(s) to 0 load pin(s).
Netlist sorting complete. Time (s): cpu = 00:00:00 ; elapsed = 00:00:00.001 . Memory (MB): peak = 906.211 ; gain = 0.000
INFO: [Project 1-111] Unisim Transformation Summary:
  A total of 16 instances were transformed.
  LD => LDCE: 16 instances

INFO: [Common 17-83] Releasing license: Synthesis
28 Infos, 3 Warnings, 0 Critical Warnings and 0 Errors encountered.
synth_design completed successfully
synth_design: Time (s): cpu = 00:00:31 ; elapsed = 00:00:34 . Memory (MB): peak = 906.211 ; gain = 614.797
Netlist sorting complete. Time (s): cpu = 00:00:00 ; elapsed = 00:00:00 . Memory (MB): peak = 906.211 ; gain = 0.000
WARNING: [Constraints 18-5210] No constraints selected for write.
Resolution: This message can indicate that there are no constraints for the design, or it can indicate that the used_in flags are set such that the constraints are ignored. This later case is used when running synth_design to not write synthesis constraints to the resulting checkpoint. Instead, project constraints are read when the synthesized design is opened.
INFO: [Common 17-1381] The checkpoint 'D:/Lab_Digitales/Lab_Digitales_2019-2/Exp_4/lab4.srcs/lab5.runs/synth_1/counter_with_button.dcp' has been generated.
INFO: [runtcl-4] Executing : report_utilization -file counter_with_button_utilization_synth.rpt -pb counter_with_button_utilization_synth.pb
INFO: [Common 17-206] Exiting Vivado at Thu Oct 10 16:41:53 2019...
