#-----------------------------------------------------------
# Vivado v2019.1 (64-bit)
# SW Build 2552052 on Fri May 24 14:49:42 MDT 2019
# IP Build 2548770 on Fri May 24 18:01:18 MDT 2019
# Start of session at: Sat Oct 12 23:44:23 2019
# Process ID: 7132
# Current directory: C:/Users/NBJSWETT/Desktop/COSAS PUC/VIII Semestre/Laboratorio de Sistemas Digitales/Lab_Digitales_2019-2/Exp_4/lab4.srcs
# Command line: vivado.exe -gui_launcher_event rodinguilauncherevent15824 C:\Users\NBJSWETT\Desktop\COSAS PUC\VIII Semestre\Laboratorio de Sistemas Digitales\Lab_Digitales_2019-2\Exp_4\lab4.srcs\lab5.xpr
# Log file: C:/Users/NBJSWETT/Desktop/COSAS PUC/VIII Semestre/Laboratorio de Sistemas Digitales/Lab_Digitales_2019-2/Exp_4/lab4.srcs/vivado.log
# Journal file: C:/Users/NBJSWETT/Desktop/COSAS PUC/VIII Semestre/Laboratorio de Sistemas Digitales/Lab_Digitales_2019-2/Exp_4/lab4.srcs\vivado.jou
#-----------------------------------------------------------
start_gui
open_project {C:/Users/NBJSWETT/Desktop/COSAS PUC/VIII Semestre/Laboratorio de Sistemas Digitales/Lab_Digitales_2019-2/Exp_4/lab4.srcs/lab5.xpr}
INFO: [ProjectBase 1-489] The host OS only allows 260 characters in a normal path. The project is stored in a path with more than 80 characters. If you experience issues with IP, Block Designs, or files not being found, please consider moving the project to a location with a shorter path. Alternately consider using the OS subst command to map part of the path to a drive letter.
Current project path is 'C:/Users/NBJSWETT/Desktop/COSAS PUC/VIII Semestre/Laboratorio de Sistemas Digitales/Lab_Digitales_2019-2/Exp_4/lab4.srcs'
Scanning sources...
Finished scanning sources
WARNING: [filemgmt 56-3] IP Output Repository Path: Could not find the directory 'D:/University/Engineering/8th semester/Digital Lab/exp4/lab4.cache/ip'.
INFO: [IP_Flow 19-234] Refreshing IP repositories
INFO: [IP_Flow 19-1704] No user IP repositories specified
INFO: [IP_Flow 19-2313] Loaded Vivado IP repository 'C:/Xilinx/Vivado/2019.1/data/ip'.
open_project: Time (s): cpu = 00:00:29 ; elapsed = 00:00:14 . Memory (MB): peak = 687.508 ; gain = 72.188
update_compile_order -fileset sources_1
reset_run synth_1
launch_runs impl_1 -to_step write_bitstream -jobs 4
[Sat Oct 12 23:55:12 2019] Launched synth_1...
Run output will be captured here: C:/Users/NBJSWETT/Desktop/COSAS PUC/VIII Semestre/Laboratorio de Sistemas Digitales/Lab_Digitales_2019-2/Exp_4/lab4.srcs/lab5.runs/synth_1/runme.log
[Sat Oct 12 23:55:12 2019] Launched impl_1...
Run output will be captured here: C:/Users/NBJSWETT/Desktop/COSAS PUC/VIII Semestre/Laboratorio de Sistemas Digitales/Lab_Digitales_2019-2/Exp_4/lab4.srcs/lab5.runs/impl_1/runme.log
open_hw
connect_hw_server
INFO: [Labtools 27-2285] Connecting to hw_server url TCP:localhost:3121
INFO: [Labtools 27-2222] Launching hw_server...
INFO: [Labtools 27-2221] Launch Output:

****** Xilinx hw_server v2019.1
  **** Build date : May 24 2019 at 15:13:31
    ** Copyright 1986-2019 Xilinx, Inc. All Rights Reserved.


connect_hw_server: Time (s): cpu = 00:00:01 ; elapsed = 00:00:05 . Memory (MB): peak = 766.680 ; gain = 15.996
open_hw_target
INFO: [Labtoolstcl 44-466] Opening hw_target localhost:3121/xilinx_tcf/Digilent/210183AA621DA
open_hw_target: Time (s): cpu = 00:00:08 ; elapsed = 00:00:08 . Memory (MB): peak = 1885.359 ; gain = 1118.680
set_property PROGRAM.FILE {C:/Users/NBJSWETT/Desktop/COSAS PUC/VIII Semestre/Laboratorio de Sistemas Digitales/Lab_Digitales_2019-2/Exp_4/lab4.srcs/lab5.runs/impl_1/counter_with_button.bit} [get_hw_devices xc7a35t_0]
current_hw_device [get_hw_devices xc7a35t_0]
refresh_hw_device -update_hw_probes false [lindex [get_hw_devices xc7a35t_0] 0]
INFO: [Labtools 27-1435] Device xc7a35t (JTAG device index = 0) is not programmed (DONE status = 0).
set_property PROBES.FILE {} [get_hw_devices xc7a35t_0]
set_property FULL_PROBES.FILE {} [get_hw_devices xc7a35t_0]
set_property PROGRAM.FILE {C:/Users/NBJSWETT/Desktop/COSAS PUC/VIII Semestre/Laboratorio de Sistemas Digitales/Lab_Digitales_2019-2/Exp_4/lab4.srcs/lab5.runs/impl_1/counter_with_button.bit} [get_hw_devices xc7a35t_0]
program_hw_devices [get_hw_devices xc7a35t_0]
INFO: [Labtools 27-3164] End of startup status: HIGH
refresh_hw_device [lindex [get_hw_devices xc7a35t_0] 0]
INFO: [Labtools 27-1434] Device xc7a35t (JTAG device index = 0) is programmed with a design that has no supported debug core(s) in it.
ERROR: [Labtoolstcl 44-513] HW Target shutdown. Closing target: localhost:3121/xilinx_tcf/Digilent/210183AA621DA
INFO: [Labtoolstcl 44-466] Opening hw_target localhost:3121/xilinx_tcf/Digilent/210183AA621DA
INFO: [Labtools 27-1435] Device xc7a35t (JTAG device index = 0) is not programmed (DONE status = 0).
WARNING: [Labtoolstcl 44-129] No matching hw_ila_data was found.
reset_run synth_1
launch_runs impl_1 -to_step write_bitstream -jobs 4
[Sun Oct 13 00:33:30 2019] Launched synth_1...
Run output will be captured here: C:/Users/NBJSWETT/Desktop/COSAS PUC/VIII Semestre/Laboratorio de Sistemas Digitales/Lab_Digitales_2019-2/Exp_4/lab4.srcs/lab5.runs/synth_1/runme.log
[Sun Oct 13 00:33:30 2019] Launched impl_1...
Run output will be captured here: C:/Users/NBJSWETT/Desktop/COSAS PUC/VIII Semestre/Laboratorio de Sistemas Digitales/Lab_Digitales_2019-2/Exp_4/lab4.srcs/lab5.runs/impl_1/runme.log
set_property PROBES.FILE {} [get_hw_devices xc7a35t_0]
set_property FULL_PROBES.FILE {} [get_hw_devices xc7a35t_0]
set_property PROGRAM.FILE {C:/Users/NBJSWETT/Desktop/COSAS PUC/VIII Semestre/Laboratorio de Sistemas Digitales/Lab_Digitales_2019-2/Exp_4/lab4.srcs/lab5.runs/impl_1/counter_with_button.bit} [get_hw_devices xc7a35t_0]
program_hw_devices [get_hw_devices xc7a35t_0]
INFO: [Labtools 27-3164] End of startup status: HIGH
refresh_hw_device [lindex [get_hw_devices xc7a35t_0] 0]
INFO: [Labtools 27-1434] Device xc7a35t (JTAG device index = 0) is programmed with a design that has no supported debug core(s) in it.
close [ open {C:/Users/NBJSWETT/Desktop/COSAS PUC/VIII Semestre/Laboratorio de Sistemas Digitales/Lab_Digitales_2019-2/Exp_4/lab4.srcs/lab5.srcs/sources_1/new/contador_miles.v} w ]
add_files {{C:/Users/NBJSWETT/Desktop/COSAS PUC/VIII Semestre/Laboratorio de Sistemas Digitales/Lab_Digitales_2019-2/Exp_4/lab4.srcs/lab5.srcs/sources_1/new/contador_miles.v}}
update_compile_order -fileset sources_1
close [ open {C:/Users/NBJSWETT/Desktop/COSAS PUC/VIII Semestre/Laboratorio de Sistemas Digitales/Lab_Digitales_2019-2/Exp_4/lab4.srcs/lab5.srcs/sources_1/new/contador_centenas.v} w ]
add_files {{C:/Users/NBJSWETT/Desktop/COSAS PUC/VIII Semestre/Laboratorio de Sistemas Digitales/Lab_Digitales_2019-2/Exp_4/lab4.srcs/lab5.srcs/sources_1/new/contador_centenas.v}}
update_compile_order -fileset sources_1
close [ open {C:/Users/NBJSWETT/Desktop/COSAS PUC/VIII Semestre/Laboratorio de Sistemas Digitales/Lab_Digitales_2019-2/Exp_4/lab4.srcs/lab5.srcs/sources_1/new/contador_decenas.v} w ]
add_files {{C:/Users/NBJSWETT/Desktop/COSAS PUC/VIII Semestre/Laboratorio de Sistemas Digitales/Lab_Digitales_2019-2/Exp_4/lab4.srcs/lab5.srcs/sources_1/new/contador_decenas.v}}
update_compile_order -fileset sources_1
close [ open {C:/Users/NBJSWETT/Desktop/COSAS PUC/VIII Semestre/Laboratorio de Sistemas Digitales/Lab_Digitales_2019-2/Exp_4/lab4.srcs/lab5.srcs/sources_1/new/binary_to_BCD.v} w ]
add_files {{C:/Users/NBJSWETT/Desktop/COSAS PUC/VIII Semestre/Laboratorio de Sistemas Digitales/Lab_Digitales_2019-2/Exp_4/lab4.srcs/lab5.srcs/sources_1/new/binary_to_BCD.v}}
update_compile_order -fileset sources_1
export_ip_user_files -of_objects  [get_files {{C:/Users/NBJSWETT/Desktop/COSAS PUC/VIII Semestre/Laboratorio de Sistemas Digitales/Lab_Digitales_2019-2/Exp_4/lab4.srcs/lab5.srcs/sources_1/new/contador_centenas.v}}] -no_script -reset -force -quiet
remove_files  {{C:/Users/NBJSWETT/Desktop/COSAS PUC/VIII Semestre/Laboratorio de Sistemas Digitales/Lab_Digitales_2019-2/Exp_4/lab4.srcs/lab5.srcs/sources_1/new/contador_centenas.v}}
export_ip_user_files -of_objects  [get_files {{C:/Users/NBJSWETT/Desktop/COSAS PUC/VIII Semestre/Laboratorio de Sistemas Digitales/Lab_Digitales_2019-2/Exp_4/lab4.srcs/lab5.srcs/sources_1/new/contador_decenas.v}}] -no_script -reset -force -quiet
remove_files  {{C:/Users/NBJSWETT/Desktop/COSAS PUC/VIII Semestre/Laboratorio de Sistemas Digitales/Lab_Digitales_2019-2/Exp_4/lab4.srcs/lab5.srcs/sources_1/new/contador_decenas.v}}
export_ip_user_files -of_objects  [get_files {{C:/Users/NBJSWETT/Desktop/COSAS PUC/VIII Semestre/Laboratorio de Sistemas Digitales/Lab_Digitales_2019-2/Exp_4/lab4.srcs/lab5.srcs/sources_1/new/contador_miles.v}}] -no_script -reset -force -quiet
remove_files  {{C:/Users/NBJSWETT/Desktop/COSAS PUC/VIII Semestre/Laboratorio de Sistemas Digitales/Lab_Digitales_2019-2/Exp_4/lab4.srcs/lab5.srcs/sources_1/new/contador_miles.v}}
file delete -force {C:/Users/NBJSWETT/Desktop/COSAS PUC/VIII Semestre/Laboratorio de Sistemas Digitales/Lab_Digitales_2019-2/Exp_4/lab4.srcs/lab5.srcs/sources_1/new/contador_miles.v}
remove_files  {{C:/Users/NBJSWETT/Desktop/COSAS PUC/VIII Semestre/Laboratorio de Sistemas Digitales/Lab_Digitales_2019-2/Exp_4/lab4.srcs/lab5.srcs/sources_1/new/contador_centenas.v}}
WARNING: [Vivado 12-818] No files matched 'C:/Users/NBJSWETT/Desktop/COSAS PUC/VIII Semestre/Laboratorio de Sistemas Digitales/Lab_Digitales_2019-2/Exp_4/lab4.srcs/lab5.srcs/sources_1/new/contador_centenas.v'
file delete -force {C:/Users/NBJSWETT/Desktop/COSAS PUC/VIII Semestre/Laboratorio de Sistemas Digitales/Lab_Digitales_2019-2/Exp_4/lab4.srcs/lab5.srcs/sources_1/new/contador_centenas.v}
close [ open {C:/Users/NBJSWETT/Desktop/COSAS PUC/VIII Semestre/Laboratorio de Sistemas Digitales/Lab_Digitales_2019-2/Exp_4/lab4.srcs/lab5.srcs/sources_1/new/display_number.v} w ]
add_files {{C:/Users/NBJSWETT/Desktop/COSAS PUC/VIII Semestre/Laboratorio de Sistemas Digitales/Lab_Digitales_2019-2/Exp_4/lab4.srcs/lab5.srcs/sources_1/new/display_number.v}}
update_compile_order -fileset sources_1
set_property top display_number [current_fileset]
update_compile_order -fileset sources_1
reset_run synth_1
launch_runs impl_1 -to_step write_bitstream -jobs 4
[Sun Oct 13 02:30:17 2019] Launched synth_1...
Run output will be captured here: C:/Users/NBJSWETT/Desktop/COSAS PUC/VIII Semestre/Laboratorio de Sistemas Digitales/Lab_Digitales_2019-2/Exp_4/lab4.srcs/lab5.runs/synth_1/runme.log
[Sun Oct 13 02:30:17 2019] Launched impl_1...
Run output will be captured here: C:/Users/NBJSWETT/Desktop/COSAS PUC/VIII Semestre/Laboratorio de Sistemas Digitales/Lab_Digitales_2019-2/Exp_4/lab4.srcs/lab5.runs/impl_1/runme.log
set_property PROBES.FILE {} [get_hw_devices xc7a35t_0]
set_property FULL_PROBES.FILE {} [get_hw_devices xc7a35t_0]
set_property PROGRAM.FILE {C:/Users/NBJSWETT/Desktop/COSAS PUC/VIII Semestre/Laboratorio de Sistemas Digitales/Lab_Digitales_2019-2/Exp_4/lab4.srcs/lab5.runs/impl_1/display_number.bit} [get_hw_devices xc7a35t_0]
program_hw_devices [get_hw_devices xc7a35t_0]
INFO: [Labtools 27-3164] End of startup status: HIGH
refresh_hw_device [lindex [get_hw_devices xc7a35t_0] 0]
INFO: [Labtools 27-1434] Device xc7a35t (JTAG device index = 0) is programmed with a design that has no supported debug core(s) in it.
reset_run synth_1
launch_runs impl_1 -to_step write_bitstream -jobs 4
[Sun Oct 13 02:51:50 2019] Launched synth_1...
Run output will be captured here: C:/Users/NBJSWETT/Desktop/COSAS PUC/VIII Semestre/Laboratorio de Sistemas Digitales/Lab_Digitales_2019-2/Exp_4/lab4.srcs/lab5.runs/synth_1/runme.log
[Sun Oct 13 02:51:50 2019] Launched impl_1...
Run output will be captured here: C:/Users/NBJSWETT/Desktop/COSAS PUC/VIII Semestre/Laboratorio de Sistemas Digitales/Lab_Digitales_2019-2/Exp_4/lab4.srcs/lab5.runs/impl_1/runme.log
set_property PROBES.FILE {} [get_hw_devices xc7a35t_0]
set_property FULL_PROBES.FILE {} [get_hw_devices xc7a35t_0]
set_property PROGRAM.FILE {C:/Users/NBJSWETT/Desktop/COSAS PUC/VIII Semestre/Laboratorio de Sistemas Digitales/Lab_Digitales_2019-2/Exp_4/lab4.srcs/lab5.runs/impl_1/display_number.bit} [get_hw_devices xc7a35t_0]
program_hw_devices [get_hw_devices xc7a35t_0]
INFO: [Labtools 27-3164] End of startup status: HIGH
refresh_hw_device [lindex [get_hw_devices xc7a35t_0] 0]
INFO: [Labtools 27-1434] Device xc7a35t (JTAG device index = 0) is programmed with a design that has no supported debug core(s) in it.
reset_run synth_1
launch_runs impl_1 -to_step write_bitstream -jobs 4
[Sun Oct 13 02:58:18 2019] Launched synth_1...
Run output will be captured here: C:/Users/NBJSWETT/Desktop/COSAS PUC/VIII Semestre/Laboratorio de Sistemas Digitales/Lab_Digitales_2019-2/Exp_4/lab4.srcs/lab5.runs/synth_1/runme.log
[Sun Oct 13 02:58:18 2019] Launched impl_1...
Run output will be captured here: C:/Users/NBJSWETT/Desktop/COSAS PUC/VIII Semestre/Laboratorio de Sistemas Digitales/Lab_Digitales_2019-2/Exp_4/lab4.srcs/lab5.runs/impl_1/runme.log
set_property PROBES.FILE {} [get_hw_devices xc7a35t_0]
set_property FULL_PROBES.FILE {} [get_hw_devices xc7a35t_0]
set_property PROGRAM.FILE {C:/Users/NBJSWETT/Desktop/COSAS PUC/VIII Semestre/Laboratorio de Sistemas Digitales/Lab_Digitales_2019-2/Exp_4/lab4.srcs/lab5.runs/impl_1/display_number.bit} [get_hw_devices xc7a35t_0]
program_hw_devices [get_hw_devices xc7a35t_0]
INFO: [Labtools 27-3164] End of startup status: HIGH
refresh_hw_device [lindex [get_hw_devices xc7a35t_0] 0]
INFO: [Labtools 27-1434] Device xc7a35t (JTAG device index = 0) is programmed with a design that has no supported debug core(s) in it.
update_compile_order -fileset sources_1
reset_run synth_1
launch_runs impl_1 -to_step write_bitstream -jobs 4
[Sun Oct 13 03:09:39 2019] Launched synth_1...
Run output will be captured here: C:/Users/NBJSWETT/Desktop/COSAS PUC/VIII Semestre/Laboratorio de Sistemas Digitales/Lab_Digitales_2019-2/Exp_4/lab4.srcs/lab5.runs/synth_1/runme.log
[Sun Oct 13 03:09:39 2019] Launched impl_1...
Run output will be captured here: C:/Users/NBJSWETT/Desktop/COSAS PUC/VIII Semestre/Laboratorio de Sistemas Digitales/Lab_Digitales_2019-2/Exp_4/lab4.srcs/lab5.runs/impl_1/runme.log
reset_run synth_1
launch_runs impl_1 -to_step write_bitstream -jobs 4
[Sun Oct 13 03:13:09 2019] Launched synth_1...
Run output will be captured here: C:/Users/NBJSWETT/Desktop/COSAS PUC/VIII Semestre/Laboratorio de Sistemas Digitales/Lab_Digitales_2019-2/Exp_4/lab4.srcs/lab5.runs/synth_1/runme.log
[Sun Oct 13 03:13:09 2019] Launched impl_1...
Run output will be captured here: C:/Users/NBJSWETT/Desktop/COSAS PUC/VIII Semestre/Laboratorio de Sistemas Digitales/Lab_Digitales_2019-2/Exp_4/lab4.srcs/lab5.runs/impl_1/runme.log
update_compile_order -fileset sources_1
reset_run synth_1
launch_runs impl_1 -to_step write_bitstream -jobs 4
[Sun Oct 13 03:15:04 2019] Launched synth_1...
Run output will be captured here: C:/Users/NBJSWETT/Desktop/COSAS PUC/VIII Semestre/Laboratorio de Sistemas Digitales/Lab_Digitales_2019-2/Exp_4/lab4.srcs/lab5.runs/synth_1/runme.log
[Sun Oct 13 03:15:04 2019] Launched impl_1...
Run output will be captured here: C:/Users/NBJSWETT/Desktop/COSAS PUC/VIII Semestre/Laboratorio de Sistemas Digitales/Lab_Digitales_2019-2/Exp_4/lab4.srcs/lab5.runs/impl_1/runme.log
set_property PROBES.FILE {} [get_hw_devices xc7a35t_0]
set_property FULL_PROBES.FILE {} [get_hw_devices xc7a35t_0]
set_property PROGRAM.FILE {C:/Users/NBJSWETT/Desktop/COSAS PUC/VIII Semestre/Laboratorio de Sistemas Digitales/Lab_Digitales_2019-2/Exp_4/lab4.srcs/lab5.runs/impl_1/display_number.bit} [get_hw_devices xc7a35t_0]
program_hw_devices [get_hw_devices xc7a35t_0]
INFO: [Labtools 27-3164] End of startup status: HIGH
refresh_hw_device [lindex [get_hw_devices xc7a35t_0] 0]
INFO: [Labtools 27-1434] Device xc7a35t (JTAG device index = 0) is programmed with a design that has no supported debug core(s) in it.
exit
INFO: [Common 17-206] Exiting Vivado at Sun Oct 13 03:20:33 2019...
