#-----------------------------------------------------------
# Vivado v2019.1 (64-bit)
# SW Build 2552052 on Fri May 24 14:49:42 MDT 2019
# IP Build 2548770 on Fri May 24 18:01:18 MDT 2019
# Start of session at: Thu Oct 10 14:32:42 2019
# Process ID: 8692
# Current directory: D:/Lab_Digitales/Lab_Digitales_2019-2/Exp_4/lab4.srcs
# Command line: vivado.exe -gui_launcher_event rodinguilauncherevent18768 D:\Lab_Digitales\Lab_Digitales_2019-2\Exp_4\lab4.srcs\lab5.xpr
# Log file: D:/Lab_Digitales/Lab_Digitales_2019-2/Exp_4/lab4.srcs/vivado.log
# Journal file: D:/Lab_Digitales/Lab_Digitales_2019-2/Exp_4/lab4.srcs\vivado.jou
#-----------------------------------------------------------
start_gui
open_project D:/Lab_Digitales/Lab_Digitales_2019-2/Exp_4/lab4.srcs/lab5.xpr
INFO: [Project 1-313] Project file moved from 'C:/Users/NBJSWETT/Desktop/lab4.srcs' since last save.
CRITICAL WARNING: [Project 1-311] Could not find the file 'D:/Lab_Digitales/Lab_Digitales_2019-2/Exp_4/lab4.srcs/lab5.srcs/sources_1/new/main.v', nor could it be found using path 'C:/Users/NBJSWETT/Desktop/lab4.srcs/lab5.srcs/sources_1/new/main.v'.
Scanning sources...
Finished scanning sources
WARNING: [filemgmt 56-2] IPUserFilesDir: Could not find the directory 'D:/Lab_Digitales/Lab_Digitales_2019-2/exp4/lab4.ip_user_files', nor could it be found using path 'C:/Users/NBJSWETT/exp4/lab4.ip_user_files'.
INFO: [IP_Flow 19-234] Refreshing IP repositories
INFO: [IP_Flow 19-1704] No user IP repositories specified
INFO: [IP_Flow 19-2313] Loaded Vivado IP repository 'D:/Programas/Xilinx/Vivado/2019.1/data/ip'.
open_project: Time (s): cpu = 00:00:35 ; elapsed = 00:00:27 . Memory (MB): peak = 666.789 ; gain = 86.672
update_compile_order -fileset sources_1
export_ip_user_files -of_objects  [get_files D:/Lab_Digitales/Lab_Digitales_2019-2/Exp_4/lab4.srcs/lab5.srcs/sources_1/new/main.v] -no_script -reset -force -quiet
remove_files  D:/Lab_Digitales/Lab_Digitales_2019-2/Exp_4/lab4.srcs/lab5.srcs/sources_1/new/main.v
set_property top debouncer [current_fileset]
update_compile_order -fileset sources_1
reset_run synth_1
launch_runs synth_1 -jobs 4
[Thu Oct 10 14:44:17 2019] Launched synth_1...
Run output will be captured here: D:/Lab_Digitales/Lab_Digitales_2019-2/Exp_4/lab4.srcs/lab5.runs/synth_1/runme.log
launch_runs impl_1 -jobs 4
[Thu Oct 10 14:47:38 2019] Launched impl_1...
Run output will be captured here: D:/Lab_Digitales/Lab_Digitales_2019-2/Exp_4/lab4.srcs/lab5.runs/impl_1/runme.log
launch_runs impl_1 -to_step write_bitstream -jobs 4
[Thu Oct 10 14:49:09 2019] Launched impl_1...
Run output will be captured here: D:/Lab_Digitales/Lab_Digitales_2019-2/Exp_4/lab4.srcs/lab5.runs/impl_1/runme.log
