#-----------------------------------------------------------
# Vivado v2019.1 (64-bit)
# SW Build 2552052 on Fri May 24 14:49:42 MDT 2019
# IP Build 2548770 on Fri May 24 18:01:18 MDT 2019
# Start of session at: Thu Oct 10 03:45:16 2019
# Process ID: 5744
# Current directory: C:/Users/NBJSWETT/Desktop/lab4.srcs
# Command line: vivado.exe -gui_launcher_event rodinguilauncherevent2352 C:\Users\NBJSWETT\Desktop\lab4.srcs\lab5.xpr
# Log file: C:/Users/NBJSWETT/Desktop/lab4.srcs/vivado.log
# Journal file: C:/Users/NBJSWETT/Desktop/lab4.srcs\vivado.jou
#-----------------------------------------------------------
start_gui
open_project C:/Users/NBJSWETT/Desktop/lab4.srcs/lab5.xpr
INFO: [Project 1-313] Project file moved from 'D:/exp5' since last save.
CRITICAL WARNING: [Project 1-311] Could not find the file 'C:/Users/NBJSWETT/Desktop/lab4.srcs/lab5.srcs/sources_1/new/main.v', nor could it be found using path 'D:/exp5/lab5.srcs/sources_1/new/main.v'.
Scanning sources...
Finished scanning sources
WARNING: [filemgmt 56-3] IP Output Repository Path: Could not find the directory 'D:/University/Engineering/8th semester/Digital Lab/exp4/lab4.cache/ip'.
INFO: [IP_Flow 19-234] Refreshing IP repositories
INFO: [IP_Flow 19-1704] No user IP repositories specified
INFO: [IP_Flow 19-2313] Loaded Vivado IP repository 'C:/Xilinx/Vivado/2019.1/data/ip'.
open_project: Time (s): cpu = 00:00:31 ; elapsed = 00:00:23 . Memory (MB): peak = 669.879 ; gain = 56.852
update_compile_order -fileset sources_1
file mkdir C:/Users/NBJSWETT/Desktop/lab4.srcs/lab5.srcs/sources_1/new
close [ open C:/Users/NBJSWETT/Desktop/lab4.srcs/lab5.srcs/sources_1/new/display_7s.v w ]
add_files C:/Users/NBJSWETT/Desktop/lab4.srcs/lab5.srcs/sources_1/new/display_7s.v
close [ open C:/Users/NBJSWETT/Desktop/lab4.srcs/lab5.srcs/sources_1/new/digit_separator.v w ]
add_files C:/Users/NBJSWETT/Desktop/lab4.srcs/lab5.srcs/sources_1/new/digit_separator.v
update_compile_order -fileset sources_1
update_compile_order -fileset sources_1
close [ open C:/Users/NBJSWETT/Desktop/lab4.srcs/lab5.srcs/sources_1/new/seven_seg_converter.v w ]
add_files C:/Users/NBJSWETT/Desktop/lab4.srcs/lab5.srcs/sources_1/new/seven_seg_converter.v
update_compile_order -fileset sources_1
close [ open C:/Users/NBJSWETT/Desktop/lab4.srcs/lab5.srcs/sources_1/new/seven_seg_manager4digit.v w ]
add_files C:/Users/NBJSWETT/Desktop/lab4.srcs/lab5.srcs/sources_1/new/seven_seg_manager4digit.v
update_compile_order -fileset sources_1
update_compile_order -fileset sources_1
close [ open C:/Users/NBJSWETT/Desktop/lab4.srcs/lab5.srcs/sources_1/new/clk_divider_7segment.v w ]
add_files C:/Users/NBJSWETT/Desktop/lab4.srcs/lab5.srcs/sources_1/new/clk_divider_7segment.v
update_compile_order -fileset sources_1
close [ open C:/Users/NBJSWETT/Desktop/lab4.srcs/lab5.srcs/sources_1/new/debouncer.v w ]
add_files C:/Users/NBJSWETT/Desktop/lab4.srcs/lab5.srcs/sources_1/new/debouncer.v
update_compile_order -fileset sources_1
close [ open C:/Users/NBJSWETT/Desktop/lab4.srcs/lab5.srcs/sources_1/new/counter_with_button.v w ]
add_files C:/Users/NBJSWETT/Desktop/lab4.srcs/lab5.srcs/sources_1/new/counter_with_button.v
update_compile_order -fileset sources_1
update_compile_order -fileset sources_1
launch_runs impl_1 -to_step write_bitstream -jobs 4
[Thu Oct 10 04:18:38 2019] Launched synth_1...
Run output will be captured here: C:/Users/NBJSWETT/Desktop/lab4.srcs/lab5.runs/synth_1/runme.log
[Thu Oct 10 04:18:39 2019] Launched impl_1...
Run output will be captured here: C:/Users/NBJSWETT/Desktop/lab4.srcs/lab5.runs/impl_1/runme.log
reset_run synth_1
launch_runs impl_1 -to_step write_bitstream -jobs 4
[Thu Oct 10 04:19:49 2019] Launched synth_1...
Run output will be captured here: C:/Users/NBJSWETT/Desktop/lab4.srcs/lab5.runs/synth_1/runme.log
[Thu Oct 10 04:19:49 2019] Launched impl_1...
Run output will be captured here: C:/Users/NBJSWETT/Desktop/lab4.srcs/lab5.runs/impl_1/runme.log
open_hw
connect_hw_server
INFO: [Labtools 27-2285] Connecting to hw_server url TCP:localhost:3121
INFO: [Labtools 27-2222] Launching hw_server...
INFO: [Labtools 27-2221] Launch Output:

****** Xilinx hw_server v2019.1
  **** Build date : May 24 2019 at 15:13:31
    ** Copyright 1986-2019 Xilinx, Inc. All Rights Reserved.


connect_hw_server: Time (s): cpu = 00:00:02 ; elapsed = 00:00:06 . Memory (MB): peak = 772.105 ; gain = 9.758
open_hw_target
INFO: [Labtoolstcl 44-466] Opening hw_target localhost:3121/xilinx_tcf/Digilent/210183AA621DA
open_hw_target: Time (s): cpu = 00:00:07 ; elapsed = 00:00:08 . Memory (MB): peak = 1900.430 ; gain = 1128.324
set_property PROGRAM.FILE {C:/Users/NBJSWETT/Desktop/lab4.srcs/lab5.runs/impl_1/counter_with_button.bit} [get_hw_devices xc7a35t_0]
current_hw_device [get_hw_devices xc7a35t_0]
refresh_hw_device -update_hw_probes false [lindex [get_hw_devices xc7a35t_0] 0]
INFO: [Labtools 27-1435] Device xc7a35t (JTAG device index = 0) is not programmed (DONE status = 0).
set_property PROBES.FILE {} [get_hw_devices xc7a35t_0]
set_property FULL_PROBES.FILE {} [get_hw_devices xc7a35t_0]
set_property PROGRAM.FILE {C:/Users/NBJSWETT/Desktop/lab4.srcs/lab5.runs/impl_1/counter_with_button.bit} [get_hw_devices xc7a35t_0]
program_hw_devices [get_hw_devices xc7a35t_0]
INFO: [Labtools 27-3164] End of startup status: HIGH
refresh_hw_device [lindex [get_hw_devices xc7a35t_0] 0]
INFO: [Labtools 27-1434] Device xc7a35t (JTAG device index = 0) is programmed with a design that has no supported debug core(s) in it.
ERROR: [Labtoolstcl 44-513] HW Target shutdown. Closing target: localhost:3121/xilinx_tcf/Digilent/210183AA621DA
INFO: [Labtoolstcl 44-466] Opening hw_target localhost:3121/xilinx_tcf/Digilent/210183AA621DA
INFO: [Labtools 27-1434] Device xc7a35t (JTAG device index = 0) is programmed with a design that has no supported debug core(s) in it.
WARNING: [Labtoolstcl 44-129] No matching hw_ila_data was found.
update_compile_order -fileset sources_1
reset_run synth_1
launch_runs impl_1 -to_step write_bitstream -jobs 4
[Thu Oct 10 04:26:57 2019] Launched synth_1...
Run output will be captured here: C:/Users/NBJSWETT/Desktop/lab4.srcs/lab5.runs/synth_1/runme.log
[Thu Oct 10 04:26:57 2019] Launched impl_1...
Run output will be captured here: C:/Users/NBJSWETT/Desktop/lab4.srcs/lab5.runs/impl_1/runme.log
set_property PROBES.FILE {} [get_hw_devices xc7a35t_0]
set_property FULL_PROBES.FILE {} [get_hw_devices xc7a35t_0]
set_property PROGRAM.FILE {C:/Users/NBJSWETT/Desktop/lab4.srcs/lab5.runs/impl_1/counter_with_button.bit} [get_hw_devices xc7a35t_0]
program_hw_devices [get_hw_devices xc7a35t_0]
INFO: [Labtools 27-3164] End of startup status: HIGH
refresh_hw_device [lindex [get_hw_devices xc7a35t_0] 0]
INFO: [Labtools 27-1434] Device xc7a35t (JTAG device index = 0) is programmed with a design that has no supported debug core(s) in it.
ERROR: [Labtoolstcl 44-513] HW Target shutdown. Closing target: localhost:3121/xilinx_tcf/Digilent/210183AA621DA
INFO: [Labtoolstcl 44-466] Opening hw_target localhost:3121/xilinx_tcf/Digilent/210183AA621DA
INFO: [Labtools 27-1434] Device xc7a35t (JTAG device index = 0) is programmed with a design that has no supported debug core(s) in it.
WARNING: [Labtoolstcl 44-129] No matching hw_ila_data was found.
ERROR: [Labtoolstcl 44-513] HW Target shutdown. Closing target: localhost:3121/xilinx_tcf/Digilent/210183AA621DA
INFO: [Labtoolstcl 44-466] Opening hw_target localhost:3121/xilinx_tcf/Digilent/210183AA621DA
INFO: [Labtools 27-1434] Device xc7a35t (JTAG device index = 0) is programmed with a design that has no supported debug core(s) in it.
WARNING: [Labtoolstcl 44-129] No matching hw_ila_data was found.
update_compile_order -fileset sources_1
reset_run synth_1
launch_runs impl_1 -to_step write_bitstream -jobs 4
[Thu Oct 10 04:46:35 2019] Launched synth_1...
Run output will be captured here: C:/Users/NBJSWETT/Desktop/lab4.srcs/lab5.runs/synth_1/runme.log
[Thu Oct 10 04:46:35 2019] Launched impl_1...
Run output will be captured here: C:/Users/NBJSWETT/Desktop/lab4.srcs/lab5.runs/impl_1/runme.log
reset_run synth_1
launch_runs impl_1 -to_step write_bitstream -jobs 4
[Thu Oct 10 04:49:04 2019] Launched synth_1...
Run output will be captured here: C:/Users/NBJSWETT/Desktop/lab4.srcs/lab5.runs/synth_1/runme.log
[Thu Oct 10 04:49:04 2019] Launched impl_1...
Run output will be captured here: C:/Users/NBJSWETT/Desktop/lab4.srcs/lab5.runs/impl_1/runme.log
set_property PROBES.FILE {} [get_hw_devices xc7a35t_0]
set_property FULL_PROBES.FILE {} [get_hw_devices xc7a35t_0]
set_property PROGRAM.FILE {C:/Users/NBJSWETT/Desktop/lab4.srcs/lab5.runs/impl_1/counter_with_button.bit} [get_hw_devices xc7a35t_0]
program_hw_devices [get_hw_devices xc7a35t_0]
INFO: [Labtools 27-3164] End of startup status: HIGH
refresh_hw_device [lindex [get_hw_devices xc7a35t_0] 0]
INFO: [Labtools 27-1434] Device xc7a35t (JTAG device index = 0) is programmed with a design that has no supported debug core(s) in it.
ERROR: [Labtoolstcl 44-513] HW Target shutdown. Closing target: localhost:3121/xilinx_tcf/Digilent/210183AA621DA
INFO: [Labtoolstcl 44-466] Opening hw_target localhost:3121/xilinx_tcf/Digilent/210183AA621DA
INFO: [Labtools 27-1434] Device xc7a35t (JTAG device index = 0) is programmed with a design that has no supported debug core(s) in it.
WARNING: [Labtoolstcl 44-129] No matching hw_ila_data was found.
ERROR: [Labtoolstcl 44-513] HW Target shutdown. Closing target: localhost:3121/xilinx_tcf/Digilent/210183AA621DA
INFO: [Labtoolstcl 44-466] Opening hw_target localhost:3121/xilinx_tcf/Digilent/210183AA621DA
INFO: [Labtools 27-1434] Device xc7a35t (JTAG device index = 0) is programmed with a design that has no supported debug core(s) in it.
WARNING: [Labtoolstcl 44-129] No matching hw_ila_data was found.
ERROR: [Labtoolstcl 44-513] HW Target shutdown. Closing target: localhost:3121/xilinx_tcf/Digilent/210183AA621DA
INFO: [Labtoolstcl 44-466] Opening hw_target localhost:3121/xilinx_tcf/Digilent/210183AA621DA
INFO: [Labtools 27-1434] Device xc7a35t (JTAG device index = 0) is programmed with a design that has no supported debug core(s) in it.
WARNING: [Labtoolstcl 44-129] No matching hw_ila_data was found.
update_compile_order -fileset sources_1
reset_run synth_1
launch_runs impl_1 -to_step write_bitstream -jobs 4
[Thu Oct 10 05:00:36 2019] Launched synth_1...
Run output will be captured here: C:/Users/NBJSWETT/Desktop/lab4.srcs/lab5.runs/synth_1/runme.log
[Thu Oct 10 05:00:36 2019] Launched impl_1...
Run output will be captured here: C:/Users/NBJSWETT/Desktop/lab4.srcs/lab5.runs/impl_1/runme.log
reset_run synth_1
launch_runs impl_1 -to_step write_bitstream -jobs 4
[Thu Oct 10 05:02:49 2019] Launched synth_1...
Run output will be captured here: C:/Users/NBJSWETT/Desktop/lab4.srcs/lab5.runs/synth_1/runme.log
[Thu Oct 10 05:02:49 2019] Launched impl_1...
Run output will be captured here: C:/Users/NBJSWETT/Desktop/lab4.srcs/lab5.runs/impl_1/runme.log
ERROR: [Labtoolstcl 44-513] HW Target shutdown. Closing target: localhost:3121/xilinx_tcf/Digilent/210183AA621DA
INFO: [Labtoolstcl 44-466] Opening hw_target localhost:3121/xilinx_tcf/Digilent/210183AA621DA
INFO: [Labtools 27-1434] Device xc7a35t (JTAG device index = 0) is programmed with a design that has no supported debug core(s) in it.
WARNING: [Labtoolstcl 44-129] No matching hw_ila_data was found.
set_property PROBES.FILE {} [get_hw_devices xc7a35t_0]
set_property FULL_PROBES.FILE {} [get_hw_devices xc7a35t_0]
set_property PROGRAM.FILE {C:/Users/NBJSWETT/Desktop/lab4.srcs/lab5.runs/impl_1/counter_with_button.bit} [get_hw_devices xc7a35t_0]
program_hw_devices [get_hw_devices xc7a35t_0]
INFO: [Labtools 27-3164] End of startup status: HIGH
refresh_hw_device [lindex [get_hw_devices xc7a35t_0] 0]
INFO: [Labtools 27-1434] Device xc7a35t (JTAG device index = 0) is programmed with a design that has no supported debug core(s) in it.
ERROR: [Labtoolstcl 44-513] HW Target shutdown. Closing target: localhost:3121/xilinx_tcf/Digilent/210183AA621DA
INFO: [Labtoolstcl 44-466] Opening hw_target localhost:3121/xilinx_tcf/Digilent/210183AA621DA
INFO: [Labtools 27-1434] Device xc7a35t (JTAG device index = 0) is programmed with a design that has no supported debug core(s) in it.
WARNING: [Labtoolstcl 44-129] No matching hw_ila_data was found.
reset_run synth_1
launch_runs impl_1 -to_step write_bitstream -jobs 4
[Thu Oct 10 05:57:16 2019] Launched synth_1...
Run output will be captured here: C:/Users/NBJSWETT/Desktop/lab4.srcs/lab5.runs/synth_1/runme.log
[Thu Oct 10 05:57:16 2019] Launched impl_1...
Run output will be captured here: C:/Users/NBJSWETT/Desktop/lab4.srcs/lab5.runs/impl_1/runme.log
exit
INFO: [Common 17-206] Exiting Vivado at Thu Oct 10 06:03:53 2019...
