#-----------------------------------------------------------
# Vivado v2019.1 (64-bit)
# SW Build 2552052 on Fri May 24 14:49:42 MDT 2019
# IP Build 2548770 on Fri May 24 18:01:18 MDT 2019
# Start of session at: Wed Sep 11 19:25:03 2019
# Process ID: 4204
# Current directory: C:/Users/NBJSWETT/Desktop/lab2.srcs
# Command line: vivado.exe -gui_launcher_event rodinguilauncherevent7828 C:\Users\NBJSWETT\Desktop\lab2.srcs\lab5.xpr
# Log file: C:/Users/NBJSWETT/Desktop/lab2.srcs/vivado.log
# Journal file: C:/Users/NBJSWETT/Desktop/lab2.srcs\vivado.jou
#-----------------------------------------------------------
start_gui
open_project C:/Users/NBJSWETT/Desktop/lab2.srcs/lab5.xpr
CRITICAL WARNING: [Project 1-19] Could not find the file 'C:/Users/NBJSWETT/Desktop/lab2.srcs/lab5.srcs/sources_1/new/main.v'.
Scanning sources...
Finished scanning sources
WARNING: [filemgmt 56-3] IP Output Repository Path: Could not find the directory 'D:/University/Engineering/8th semester/Digital Lab/exp4/lab4.cache/ip'.
INFO: [IP_Flow 19-234] Refreshing IP repositories
INFO: [IP_Flow 19-1704] No user IP repositories specified
INFO: [IP_Flow 19-2313] Loaded Vivado IP repository 'C:/Xilinx/Vivado/2019.1/data/ip'.
open_project: Time (s): cpu = 00:00:31 ; elapsed = 00:00:21 . Memory (MB): peak = 707.953 ; gain = 125.254
update_compile_order -fileset sources_1
set_property top counter [current_fileset]
update_compile_order -fileset sources_1
update_compile_order -fileset sources_1
update_compile_order -fileset sources_1
set_property top counter_1 [current_fileset]
update_compile_order -fileset sources_1
export_ip_user_files -of_objects  [get_files C:/Users/NBJSWETT/Desktop/lab2.srcs/lab5.srcs/sources_1/new/main.v] -no_script -reset -force -quiet
remove_files  C:/Users/NBJSWETT/Desktop/lab2.srcs/lab5.srcs/sources_1/new/main.v
reset_run synth_1
launch_runs synth_1 -jobs 2
CRITICAL WARNING: [HDL 9-806] Syntax error near "input". [C:/Users/NBJSWETT/Desktop/lab2.srcs/lab5.srcs/sources_1/new/count_2.v:40]
[Wed Sep 11 20:49:15 2019] Launched synth_1...
Run output will be captured here: C:/Users/NBJSWETT/Desktop/lab2.srcs/lab5.runs/synth_1/runme.log
launch_runs impl_1 -jobs 2
[Wed Sep 11 20:50:32 2019] Launched impl_1...
Run output will be captured here: C:/Users/NBJSWETT/Desktop/lab2.srcs/lab5.runs/impl_1/runme.log
launch_runs impl_1 -to_step write_bitstream -jobs 2
[Wed Sep 11 20:52:30 2019] Launched impl_1...
Run output will be captured here: C:/Users/NBJSWETT/Desktop/lab2.srcs/lab5.runs/impl_1/runme.log
open_hw
connect_hw_server
INFO: [Labtools 27-2285] Connecting to hw_server url TCP:localhost:3121
INFO: [Labtools 27-2222] Launching hw_server...
INFO: [Labtools 27-2221] Launch Output:

****** Xilinx hw_server v2019.1
  **** Build date : May 24 2019 at 15:13:31
    ** Copyright 1986-2019 Xilinx, Inc. All Rights Reserved.


connect_hw_server: Time (s): cpu = 00:00:00 ; elapsed = 00:00:06 . Memory (MB): peak = 763.141 ; gain = 6.043
open_hw_target
INFO: [Labtoolstcl 44-466] Opening hw_target localhost:3121/xilinx_tcf/Digilent/210183AA621DA
open_hw_target: Time (s): cpu = 00:00:07 ; elapsed = 00:00:07 . Memory (MB): peak = 1879.910 ; gain = 1116.770
set_property PROGRAM.FILE {C:/Users/NBJSWETT/Desktop/lab2.srcs/lab5.runs/impl_1/counter_1.bit} [get_hw_devices xc7a35t_0]
current_hw_device [get_hw_devices xc7a35t_0]
refresh_hw_device -update_hw_probes false [lindex [get_hw_devices xc7a35t_0] 0]
INFO: [Labtools 27-1435] Device xc7a35t (JTAG device index = 0) is not programmed (DONE status = 0).
set_property PROBES.FILE {} [get_hw_devices xc7a35t_0]
set_property FULL_PROBES.FILE {} [get_hw_devices xc7a35t_0]
set_property PROGRAM.FILE {C:/Users/NBJSWETT/Desktop/lab2.srcs/lab5.runs/impl_1/counter_1.bit} [get_hw_devices xc7a35t_0]
program_hw_devices [get_hw_devices xc7a35t_0]
INFO: [Labtools 27-3164] End of startup status: HIGH
refresh_hw_device [lindex [get_hw_devices xc7a35t_0] 0]
INFO: [Labtools 27-1434] Device xc7a35t (JTAG device index = 0) is programmed with a design that has no supported debug core(s) in it.
ERROR: [Labtoolstcl 44-513] HW Target shutdown. Closing target: localhost:3121/xilinx_tcf/Digilent/210183AA621DA
set_property top count_2 [current_fileset]
update_compile_order -fileset sources_1
reset_run synth_1
launch_runs synth_1 -jobs 2
[Wed Sep 11 23:11:23 2019] Launched synth_1...
Run output will be captured here: C:/Users/NBJSWETT/Desktop/lab2.srcs/lab5.runs/synth_1/runme.log
launch_runs impl_1 -jobs 2
[Wed Sep 11 23:12:34 2019] Launched impl_1...
Run output will be captured here: C:/Users/NBJSWETT/Desktop/lab2.srcs/lab5.runs/impl_1/runme.log
launch_runs impl_1 -to_step write_bitstream -jobs 2
[Wed Sep 11 23:14:28 2019] Launched impl_1...
Run output will be captured here: C:/Users/NBJSWETT/Desktop/lab2.srcs/lab5.runs/impl_1/runme.log
disconnect_hw_server localhost:3121
connect_hw_server
INFO: [Labtools 27-2285] Connecting to hw_server url TCP:localhost:3121
ERROR: [Labtoolstcl 44-494] There is no active target available for server at localhost.
 Targets(s) ", jsn-Basys3-210183AA621DA" may be locked by another hw_server.
disconnect_hw_server localhost:3121
connect_hw_server
INFO: [Labtools 27-2285] Connecting to hw_server url TCP:localhost:3121
open_hw_target
INFO: [Labtoolstcl 44-466] Opening hw_target localhost:3121/xilinx_tcf/Digilent/210183AA621DA
set_property PROGRAM.FILE {C:/Users/NBJSWETT/Desktop/lab2.srcs/lab5.runs/impl_1/count_2.bit} [get_hw_devices xc7a35t_0]
current_hw_device [get_hw_devices xc7a35t_0]
refresh_hw_device -update_hw_probes false [lindex [get_hw_devices xc7a35t_0] 0]
INFO: [Labtools 27-1435] Device xc7a35t (JTAG device index = 0) is not programmed (DONE status = 0).
set_property PROBES.FILE {} [get_hw_devices xc7a35t_0]
set_property FULL_PROBES.FILE {} [get_hw_devices xc7a35t_0]
set_property PROGRAM.FILE {C:/Users/NBJSWETT/Desktop/lab2.srcs/lab5.runs/impl_1/count_2.bit} [get_hw_devices xc7a35t_0]
program_hw_devices [get_hw_devices xc7a35t_0]
INFO: [Labtools 27-3164] End of startup status: HIGH
refresh_hw_device [lindex [get_hw_devices xc7a35t_0] 0]
INFO: [Labtools 27-1434] Device xc7a35t (JTAG device index = 0) is programmed with a design that has no supported debug core(s) in it.
reset_run synth_1
launch_runs synth_1 -jobs 2
[Wed Sep 11 23:30:03 2019] Launched synth_1...
Run output will be captured here: C:/Users/NBJSWETT/Desktop/lab2.srcs/lab5.runs/synth_1/runme.log
launch_runs impl_1 -jobs 2
[Wed Sep 11 23:31:15 2019] Launched impl_1...
Run output will be captured here: C:/Users/NBJSWETT/Desktop/lab2.srcs/lab5.runs/impl_1/runme.log
ERROR: [Labtoolstcl 44-513] HW Target shutdown. Closing target: localhost:3121/xilinx_tcf/Digilent/210183AA621DA
INFO: [Labtoolstcl 44-466] Opening hw_target localhost:3121/xilinx_tcf/Digilent/210183AA621DA
INFO: [Labtools 27-1435] Device xc7a35t (JTAG device index = 0) is not programmed (DONE status = 0).
WARNING: [Labtoolstcl 44-129] No matching hw_ila_data was found.
ERROR: [Labtoolstcl 44-513] HW Target shutdown. Closing target: localhost:3121/xilinx_tcf/Digilent/210183AA621DA
INFO: [Labtoolstcl 44-466] Opening hw_target localhost:3121/xilinx_tcf/Digilent/210183AA621DA
INFO: [Labtools 27-1435] Device xc7a35t (JTAG device index = 0) is not programmed (DONE status = 0).
WARNING: [Labtoolstcl 44-129] No matching hw_ila_data was found.
ERROR: [Labtoolstcl 44-513] HW Target shutdown. Closing target: localhost:3121/xilinx_tcf/Digilent/210183AA621DA
INFO: [Labtoolstcl 44-466] Opening hw_target localhost:3121/xilinx_tcf/Digilent/210183AA621DA
INFO: [Labtools 27-1435] Device xc7a35t (JTAG device index = 0) is not programmed (DONE status = 0).
WARNING: [Labtoolstcl 44-129] No matching hw_ila_data was found.
ERROR: [Labtoolstcl 44-513] HW Target shutdown. Closing target: localhost:3121/xilinx_tcf/Digilent/210183AA621DA
reset_run synth_1
launch_runs synth_1 -jobs 2
[Thu Sep 12 01:19:36 2019] Launched synth_1...
Run output will be captured here: C:/Users/NBJSWETT/Desktop/lab2.srcs/lab5.runs/synth_1/runme.log
launch_runs impl_1 -jobs 2
[Thu Sep 12 01:20:48 2019] Launched impl_1...
Run output will be captured here: C:/Users/NBJSWETT/Desktop/lab2.srcs/lab5.runs/impl_1/runme.log
launch_runs impl_1 -to_step write_bitstream -jobs 2
[Thu Sep 12 01:22:41 2019] Launched impl_1...
Run output will be captured here: C:/Users/NBJSWETT/Desktop/lab2.srcs/lab5.runs/impl_1/runme.log
disconnect_hw_server localhost:3121
connect_hw_server
INFO: [Labtools 27-2285] Connecting to hw_server url TCP:localhost:3121
ERROR: [Labtoolstcl 44-494] There is no active target available for server at localhost.
 Targets(s) ", jsn-Basys3-210183AA621DA" may be locked by another hw_server.
disconnect_hw_server localhost:3121
connect_hw_server
INFO: [Labtools 27-2285] Connecting to hw_server url TCP:localhost:3121
open_hw_target
INFO: [Labtoolstcl 44-466] Opening hw_target localhost:3121/xilinx_tcf/Digilent/210183AA621DA
set_property PROGRAM.FILE {C:/Users/NBJSWETT/Desktop/lab2.srcs/lab5.runs/impl_1/count_2.bit} [get_hw_devices xc7a35t_0]
current_hw_device [get_hw_devices xc7a35t_0]
refresh_hw_device -update_hw_probes false [lindex [get_hw_devices xc7a35t_0] 0]
INFO: [Labtools 27-1435] Device xc7a35t (JTAG device index = 0) is not programmed (DONE status = 0).
set_property PROBES.FILE {} [get_hw_devices xc7a35t_0]
set_property FULL_PROBES.FILE {} [get_hw_devices xc7a35t_0]
set_property PROGRAM.FILE {C:/Users/NBJSWETT/Desktop/lab2.srcs/lab5.runs/impl_1/count_2.bit} [get_hw_devices xc7a35t_0]
program_hw_devices [get_hw_devices xc7a35t_0]
INFO: [Labtools 27-3164] End of startup status: HIGH
refresh_hw_device [lindex [get_hw_devices xc7a35t_0] 0]
INFO: [Labtools 27-1434] Device xc7a35t (JTAG device index = 0) is programmed with a design that has no supported debug core(s) in it.
ERROR: [Labtoolstcl 44-513] HW Target shutdown. Closing target: localhost:3121/xilinx_tcf/Digilent/210183AA621DA
set_property top Wave_Selector [current_fileset]
update_compile_order -fileset sources_1
reset_run synth_1
launch_runs synth_1 -jobs 2
[Thu Sep 12 01:40:53 2019] Launched synth_1...
Run output will be captured here: C:/Users/NBJSWETT/Desktop/lab2.srcs/lab5.runs/synth_1/runme.log
launch_runs impl_1 -jobs 2
[Thu Sep 12 01:42:08 2019] Launched impl_1...
Run output will be captured here: C:/Users/NBJSWETT/Desktop/lab2.srcs/lab5.runs/impl_1/runme.log
launch_runs impl_1 -to_step write_bitstream -jobs 2
[Thu Sep 12 01:44:07 2019] Launched impl_1...
Run output will be captured here: C:/Users/NBJSWETT/Desktop/lab2.srcs/lab5.runs/impl_1/runme.log
disconnect_hw_server localhost:3121
connect_hw_server
INFO: [Labtools 27-2285] Connecting to hw_server url TCP:localhost:3121
ERROR: [Labtoolstcl 44-494] There is no active target available for server at localhost.
 Targets(s) ", jsn-Basys3-210183AA621DA" may be locked by another hw_server.
disconnect_hw_server localhost:3121
connect_hw_server
INFO: [Labtools 27-2285] Connecting to hw_server url TCP:localhost:3121
open_hw_target
INFO: [Labtoolstcl 44-466] Opening hw_target localhost:3121/xilinx_tcf/Digilent/210183AA621DA
set_property PROGRAM.FILE {C:/Users/NBJSWETT/Desktop/lab2.srcs/lab5.runs/impl_1/Wave_Selector.bit} [get_hw_devices xc7a35t_0]
current_hw_device [get_hw_devices xc7a35t_0]
refresh_hw_device -update_hw_probes false [lindex [get_hw_devices xc7a35t_0] 0]
INFO: [Labtools 27-1435] Device xc7a35t (JTAG device index = 0) is not programmed (DONE status = 0).
set_property PROBES.FILE {} [get_hw_devices xc7a35t_0]
set_property FULL_PROBES.FILE {} [get_hw_devices xc7a35t_0]
set_property PROGRAM.FILE {C:/Users/NBJSWETT/Desktop/lab2.srcs/lab5.runs/impl_1/Wave_Selector.bit} [get_hw_devices xc7a35t_0]
program_hw_devices [get_hw_devices xc7a35t_0]
INFO: [Labtools 27-3164] End of startup status: HIGH
refresh_hw_device [lindex [get_hw_devices xc7a35t_0] 0]
INFO: [Labtools 27-1434] Device xc7a35t (JTAG device index = 0) is programmed with a design that has no supported debug core(s) in it.
close [ open C:/Users/NBJSWETT/Desktop/lab2.srcs/lab5.srcs/sources_1/new/7_segment.v w ]
add_files C:/Users/NBJSWETT/Desktop/lab2.srcs/lab5.srcs/sources_1/new/7_segment.v
update_compile_order -fileset sources_1
ERROR: [Labtoolstcl 44-513] HW Target shutdown. Closing target: localhost:3121/xilinx_tcf/Digilent/210183AA621DA
update_compile_order -fileset sources_1
reset_run synth_1
launch_runs synth_1 -jobs 2
[Thu Sep 12 02:13:26 2019] Launched synth_1...
Run output will be captured here: C:/Users/NBJSWETT/Desktop/lab2.srcs/lab5.runs/synth_1/runme.log
launch_runs impl_1 -jobs 2
[Thu Sep 12 02:14:59 2019] Launched impl_1...
Run output will be captured here: C:/Users/NBJSWETT/Desktop/lab2.srcs/lab5.runs/impl_1/runme.log
launch_runs impl_1 -to_step write_bitstream -jobs 2
[Thu Sep 12 02:17:29 2019] Launched impl_1...
Run output will be captured here: C:/Users/NBJSWETT/Desktop/lab2.srcs/lab5.runs/impl_1/runme.log
disconnect_hw_server localhost:3121
connect_hw_server
INFO: [Labtools 27-2285] Connecting to hw_server url TCP:localhost:3121
ERROR: [Labtoolstcl 44-494] There is no active target available for server at localhost.
 Targets(s) ", jsn-Basys3-210183AA621DA" may be locked by another hw_server.
disconnect_hw_server localhost:3121
connect_hw_server
INFO: [Labtools 27-2285] Connecting to hw_server url TCP:localhost:3121
open_hw_target
INFO: [Labtoolstcl 44-466] Opening hw_target localhost:3121/xilinx_tcf/Digilent/210183AA621DA
set_property PROGRAM.FILE {C:/Users/NBJSWETT/Desktop/lab2.srcs/lab5.runs/impl_1/Wave_Selector.bit} [get_hw_devices xc7a35t_0]
current_hw_device [get_hw_devices xc7a35t_0]
refresh_hw_device -update_hw_probes false [lindex [get_hw_devices xc7a35t_0] 0]
INFO: [Labtools 27-1435] Device xc7a35t (JTAG device index = 0) is not programmed (DONE status = 0).
set_property PROBES.FILE {} [get_hw_devices xc7a35t_0]
set_property FULL_PROBES.FILE {} [get_hw_devices xc7a35t_0]
set_property PROGRAM.FILE {C:/Users/NBJSWETT/Desktop/lab2.srcs/lab5.runs/impl_1/Wave_Selector.bit} [get_hw_devices xc7a35t_0]
program_hw_devices [get_hw_devices xc7a35t_0]
INFO: [Labtools 27-3164] End of startup status: HIGH
refresh_hw_device [lindex [get_hw_devices xc7a35t_0] 0]
INFO: [Labtools 27-1434] Device xc7a35t (JTAG device index = 0) is programmed with a design that has no supported debug core(s) in it.
ERROR: [Labtoolstcl 44-513] HW Target shutdown. Closing target: localhost:3121/xilinx_tcf/Digilent/210183AA621DA
reset_run synth_1
launch_runs synth_1 -jobs 2
[Thu Sep 12 02:25:17 2019] Launched synth_1...
Run output will be captured here: C:/Users/NBJSWETT/Desktop/lab2.srcs/lab5.runs/synth_1/runme.log
INFO: [Labtoolstcl 44-466] Opening hw_target localhost:3121/xilinx_tcf/Digilent/210183AA621DA
INFO: [Labtools 27-1435] Device xc7a35t (JTAG device index = 0) is not programmed (DONE status = 0).
WARNING: [Labtoolstcl 44-129] No matching hw_ila_data was found.
launch_runs impl_1 -jobs 2
[Thu Sep 12 02:26:55 2019] Launched impl_1...
Run output will be captured here: C:/Users/NBJSWETT/Desktop/lab2.srcs/lab5.runs/impl_1/runme.log
launch_runs impl_1 -to_step write_bitstream -jobs 2
[Thu Sep 12 02:29:41 2019] Launched impl_1...
Run output will be captured here: C:/Users/NBJSWETT/Desktop/lab2.srcs/lab5.runs/impl_1/runme.log
set_property PROBES.FILE {} [get_hw_devices xc7a35t_0]
set_property FULL_PROBES.FILE {} [get_hw_devices xc7a35t_0]
set_property PROGRAM.FILE {C:/Users/NBJSWETT/Desktop/lab2.srcs/lab5.runs/impl_1/Wave_Selector.bit} [get_hw_devices xc7a35t_0]
program_hw_devices [get_hw_devices xc7a35t_0]
INFO: [Labtools 27-3164] End of startup status: HIGH
refresh_hw_device [lindex [get_hw_devices xc7a35t_0] 0]
INFO: [Labtools 27-1434] Device xc7a35t (JTAG device index = 0) is programmed with a design that has no supported debug core(s) in it.
ERROR: [Labtoolstcl 44-513] HW Target shutdown. Closing target: localhost:3121/xilinx_tcf/Digilent/210183AA621DA
INFO: [Labtoolstcl 44-466] Opening hw_target localhost:3121/xilinx_tcf/Digilent/210183AA621DA
INFO: [Labtools 27-1435] Device xc7a35t (JTAG device index = 0) is not programmed (DONE status = 0).
WARNING: [Labtoolstcl 44-129] No matching hw_ila_data was found.
exit
INFO: [Common 17-206] Exiting Vivado at Thu Sep 12 02:53:25 2019...
