#-----------------------------------------------------------
# Vivado v2019.1 (64-bit)
# SW Build 2552052 on Fri May 24 14:49:42 MDT 2019
# IP Build 2548770 on Fri May 24 18:01:18 MDT 2019
# Start of session at: Wed Oct  2 09:12:09 2019
# Process ID: 4984
# Current directory: C:/Users/NBJSWETT/Desktop/COSAS PUC/VIII Semestre/Laboratorio de Sistemas Digitales/Lab_Digitales_2019-2/lab2.srcs
# Command line: vivado.exe -gui_launcher_event rodinguilauncherevent6200 C:\Users\NBJSWETT\Desktop\COSAS PUC\VIII Semestre\Laboratorio de Sistemas Digitales\Lab_Digitales_2019-2\lab2.srcs\lab5.xpr
# Log file: C:/Users/NBJSWETT/Desktop/COSAS PUC/VIII Semestre/Laboratorio de Sistemas Digitales/Lab_Digitales_2019-2/lab2.srcs/vivado.log
# Journal file: C:/Users/NBJSWETT/Desktop/COSAS PUC/VIII Semestre/Laboratorio de Sistemas Digitales/Lab_Digitales_2019-2/lab2.srcs\vivado.jou
#-----------------------------------------------------------
start_gui
open_project {C:/Users/NBJSWETT/Desktop/COSAS PUC/VIII Semestre/Laboratorio de Sistemas Digitales/Lab_Digitales_2019-2/lab2.srcs/lab5.xpr}
INFO: [ProjectBase 1-489] The host OS only allows 260 characters in a normal path. The project is stored in a path with more than 80 characters. If you experience issues with IP, Block Designs, or files not being found, please consider moving the project to a location with a shorter path. Alternately consider using the OS subst command to map part of the path to a drive letter.
Current project path is 'C:/Users/NBJSWETT/Desktop/COSAS PUC/VIII Semestre/Laboratorio de Sistemas Digitales/Lab_Digitales_2019-2/lab2.srcs'
INFO: [Project 1-313] Project file moved from 'C:/Users/NBJSWETT/Desktop/lab2.srcs' since last save.
Scanning sources...
Finished scanning sources
WARNING: [filemgmt 56-3] IP Output Repository Path: Could not find the directory 'D:/University/Engineering/8th semester/Digital Lab/exp4/lab4.cache/ip'.
INFO: [filemgmt 56-1] IPUserFilesDir: Directory not found as 'C:/Users/NBJSWETT/Desktop/COSAS PUC/VIII Semestre/Laboratorio de Sistemas Digitales/exp4/lab4.ip_user_files'; using path 'C:/Users/NBJSWETT/exp4/lab4.ip_user_files' instead.
INFO: [IP_Flow 19-234] Refreshing IP repositories
INFO: [IP_Flow 19-1704] No user IP repositories specified
INFO: [IP_Flow 19-2313] Loaded Vivado IP repository 'C:/Xilinx/Vivado/2019.1/data/ip'.
open_project: Time (s): cpu = 00:00:32 ; elapsed = 00:00:15 . Memory (MB): peak = 697.410 ; gain = 89.594
update_compile_order -fileset sources_1
exit
INFO: [Common 17-206] Exiting Vivado at Wed Oct  2 12:15:17 2019...
