#-----------------------------------------------------------
# Vivado v2019.1 (64-bit)
# SW Build 2552052 on Fri May 24 14:49:42 MDT 2019
# IP Build 2548770 on Fri May 24 18:01:18 MDT 2019
# Start of session at: Wed Sep 11 10:09:15 2019
# Process ID: 12240
# Current directory: C:/Users/NBJSWETT/Desktop/lab2.srcs
# Command line: vivado.exe -gui_launcher_event rodinguilauncherevent11960 C:\Users\NBJSWETT\Desktop\lab2.srcs\lab5.xpr
# Log file: C:/Users/NBJSWETT/Desktop/lab2.srcs/vivado.log
# Journal file: C:/Users/NBJSWETT/Desktop/lab2.srcs\vivado.jou
#-----------------------------------------------------------
start_gui
open_project C:/Users/NBJSWETT/Desktop/lab2.srcs/lab5.xpr
CRITICAL WARNING: [Project 1-19] Could not find the file 'C:/Users/NBJSWETT/Desktop/lab2.srcs/lab5.srcs/sources_1/new/main.v'.
Scanning sources...
Finished scanning sources
WARNING: [filemgmt 56-3] IP Output Repository Path: Could not find the directory 'D:/University/Engineering/8th semester/Digital Lab/exp4/lab4.cache/ip'.
INFO: [IP_Flow 19-234] Refreshing IP repositories
INFO: [IP_Flow 19-1704] No user IP repositories specified
INFO: [IP_Flow 19-2313] Loaded Vivado IP repository 'C:/Xilinx/Vivado/2019.1/data/ip'.
open_project: Time (s): cpu = 00:00:28 ; elapsed = 00:00:19 . Memory (MB): peak = 660.711 ; gain = 75.395
update_compile_order -fileset sources_1
set_property top count_2 [current_fileset]
update_compile_order -fileset sources_1
launch_runs synth_1 -jobs 2
[Wed Sep 11 10:29:38 2019] Launched synth_1...
Run output will be captured here: C:/Users/NBJSWETT/Desktop/lab2.srcs/lab5.runs/synth_1/runme.log
launch_runs impl_1 -jobs 2
[Wed Sep 11 10:31:02 2019] Launched impl_1...
Run output will be captured here: C:/Users/NBJSWETT/Desktop/lab2.srcs/lab5.runs/impl_1/runme.log
reset_run synth_1
launch_runs synth_1 -jobs 2
[Wed Sep 11 10:33:47 2019] Launched synth_1...
Run output will be captured here: C:/Users/NBJSWETT/Desktop/lab2.srcs/lab5.runs/synth_1/runme.log
launch_runs impl_1 -jobs 2
[Wed Sep 11 10:35:10 2019] Launched impl_1...
Run output will be captured here: C:/Users/NBJSWETT/Desktop/lab2.srcs/lab5.runs/impl_1/runme.log
close [ open C:/Users/NBJSWETT/Desktop/lab2.srcs/lab5.srcs/sources_1/new/counter_1.v w ]
add_files C:/Users/NBJSWETT/Desktop/lab2.srcs/lab5.srcs/sources_1/new/counter_1.v
update_compile_order -fileset sources_1
close [ open C:/Users/NBJSWETT/Desktop/lab2.srcs/lab5.srcs/sources_1/new/Sine.v w ]
add_files C:/Users/NBJSWETT/Desktop/lab2.srcs/lab5.srcs/sources_1/new/Sine.v
update_compile_order -fileset sources_1
close [ open C:/Users/NBJSWETT/Desktop/lab2.srcs/lab5.srcs/sources_1/new/Square.v w ]
add_files C:/Users/NBJSWETT/Desktop/lab2.srcs/lab5.srcs/sources_1/new/Square.v
update_compile_order -fileset sources_1
close [ open C:/Users/NBJSWETT/Desktop/lab2.srcs/lab5.srcs/sources_1/new/Triangle.v w ]
add_files C:/Users/NBJSWETT/Desktop/lab2.srcs/lab5.srcs/sources_1/new/Triangle.v
update_compile_order -fileset sources_1
close [ open C:/Users/NBJSWETT/Desktop/lab2.srcs/lab5.srcs/sources_1/new/Wave_Selector.v w ]
add_files C:/Users/NBJSWETT/Desktop/lab2.srcs/lab5.srcs/sources_1/new/Wave_Selector.v
update_compile_order -fileset sources_1
close [ open C:/Users/NBJSWETT/Desktop/lab2.srcs/lab5.srcs/sources_1/new/debouncer.v w ]
add_files C:/Users/NBJSWETT/Desktop/lab2.srcs/lab5.srcs/sources_1/new/debouncer.v
update_compile_order -fileset sources_1
exit
INFO: [Common 17-206] Exiting Vivado at Wed Sep 11 12:17:55 2019...
