#-----------------------------------------------------------
# Vivado v2019.1 (64-bit)
# SW Build 2552052 on Fri May 24 14:49:42 MDT 2019
# IP Build 2548770 on Fri May 24 18:01:18 MDT 2019
# Start of session at: Wed Sep 11 00:44:03 2019
# Process ID: 4516
# Current directory: C:/Users/NBJSWETT/Desktop/lab2.srcs
# Command line: vivado.exe -gui_launcher_event rodinguilauncherevent7360 C:\Users\NBJSWETT\Desktop\lab2.srcs\lab5.xpr
# Log file: C:/Users/NBJSWETT/Desktop/lab2.srcs/vivado.log
# Journal file: C:/Users/NBJSWETT/Desktop/lab2.srcs\vivado.jou
#-----------------------------------------------------------
start_gui
open_project C:/Users/NBJSWETT/Desktop/lab2.srcs/lab5.xpr
INFO: [Project 1-313] Project file moved from 'D:/exp5' since last save.
CRITICAL WARNING: [Project 1-311] Could not find the file 'C:/Users/NBJSWETT/Desktop/lab2.srcs/lab5.srcs/sources_1/new/main.v', nor could it be found using path 'D:/exp5/lab5.srcs/sources_1/new/main.v'.
Scanning sources...
Finished scanning sources
WARNING: [filemgmt 56-3] IP Output Repository Path: Could not find the directory 'D:/University/Engineering/8th semester/Digital Lab/exp4/lab4.cache/ip'.
INFO: [IP_Flow 19-234] Refreshing IP repositories
INFO: [IP_Flow 19-1704] No user IP repositories specified
INFO: [IP_Flow 19-2313] Loaded Vivado IP repository 'C:/Xilinx/Vivado/2019.1/data/ip'.
open_project: Time (s): cpu = 00:00:32 ; elapsed = 00:00:27 . Memory (MB): peak = 689.887 ; gain = 81.109
update_compile_order -fileset sources_1
file mkdir C:/Users/NBJSWETT/Desktop/lab2.srcs/lab5.srcs/sources_1/new
close [ open C:/Users/NBJSWETT/Desktop/lab2.srcs/lab5.srcs/sources_1/new/Top.v w ]
add_files C:/Users/NBJSWETT/Desktop/lab2.srcs/lab5.srcs/sources_1/new/Top.v
close [ open C:/Users/NBJSWETT/Desktop/lab2.srcs/lab5.srcs/sources_1/new/clock_divider.v w ]
add_files C:/Users/NBJSWETT/Desktop/lab2.srcs/lab5.srcs/sources_1/new/clock_divider.v
update_compile_order -fileset sources_1
close [ open C:/Users/NBJSWETT/Desktop/lab2.srcs/lab5.srcs/sources_1/new/clock_divider_3.v w ]
add_files C:/Users/NBJSWETT/Desktop/lab2.srcs/lab5.srcs/sources_1/new/clock_divider_3.v
update_compile_order -fileset sources_1
close [ open C:/Users/NBJSWETT/Desktop/lab2.srcs/lab5.srcs/sources_1/new/Clock_divider_4.v w ]
add_files C:/Users/NBJSWETT/Desktop/lab2.srcs/lab5.srcs/sources_1/new/Clock_divider_4.v
update_compile_order -fileset sources_1
close [ open C:/Users/NBJSWETT/Desktop/lab2.srcs/lab5.srcs/sources_1/new/Clock_divider_5.v w ]
add_files C:/Users/NBJSWETT/Desktop/lab2.srcs/lab5.srcs/sources_1/new/Clock_divider_5.v
update_compile_order -fileset sources_1
close [ open C:/Users/NBJSWETT/Desktop/lab2.srcs/lab5.srcs/sources_1/new/freq_selector.v w ]
add_files C:/Users/NBJSWETT/Desktop/lab2.srcs/lab5.srcs/sources_1/new/freq_selector.v
update_compile_order -fileset sources_1
close [ open C:/Users/NBJSWETT/Desktop/lab2.srcs/lab5.srcs/sources_1/new/count_2.v w ]
add_files C:/Users/NBJSWETT/Desktop/lab2.srcs/lab5.srcs/sources_1/new/count_2.v
update_compile_order -fileset sources_1
update_compile_order -fileset sources_1
exit
INFO: [Common 17-206] Exiting Vivado at Wed Sep 11 02:22:38 2019...
