#-----------------------------------------------------------
# Vivado v2019.1 (64-bit)
# SW Build 2552052 on Fri May 24 14:49:42 MDT 2019
# IP Build 2548770 on Fri May 24 18:01:18 MDT 2019
# Start of session at: Wed Oct  9 13:06:39 2019
# Process ID: 10028
# Current directory: C:/Users/NBJSWETT/Desktop/lab3_vfinal.srcs/lab3.srcs
# Command line: vivado.exe -gui_launcher_event rodinguilauncherevent6708 C:\Users\NBJSWETT\Desktop\lab3_vfinal.srcs\lab3.srcs\lab3.xpr
# Log file: C:/Users/NBJSWETT/Desktop/lab3_vfinal.srcs/lab3.srcs/vivado.log
# Journal file: C:/Users/NBJSWETT/Desktop/lab3_vfinal.srcs/lab3.srcs\vivado.jou
#-----------------------------------------------------------
start_gui
open_project C:/Users/NBJSWETT/Desktop/lab3_vfinal.srcs/lab3.srcs/lab3.xpr
Scanning sources...
Finished scanning sources
WARNING: [filemgmt 56-3] IP Output Repository Path: Could not find the directory 'D:/University/Engineering/8th semester/Digital Lab/exp4/lab4.cache/ip'.
INFO: [IP_Flow 19-234] Refreshing IP repositories
INFO: [Common 17-41] Interrupt caught. Command should exit soon.
INFO: [IP_Flow 19-1704] No user IP repositories specified
INFO: [IP_Flow 19-2338open_project: Time (s): cpu = 00:00:31 ; elapsed = 00:00:31 . Memory (MB): peak = 671.711 ; gain = 63.793
exit
INFO: [Common 17-206] Exiting Vivado at Wed Oct  9 13:37:10 2019...
[Common 17-344] 'open_project' was cancelled
exit
INFO: [Common 17-206] Exiting Vivado at Wed Oct  9 13:08:02 2019...
