#-----------------------------------------------------------
# Vivado v2019.1 (64-bit)
# SW Build 2552052 on Fri May 24 14:49:42 MDT 2019
# IP Build 2548770 on Fri May 24 18:01:18 MDT 2019
# Start of session at: Wed Oct  9 14:12:40 2019
# Process ID: 2640
# Current directory: C:/Users/NBJSWETT/Desktop/lab3.srcs/lab3.srcs
# Command line: vivado.exe -gui_launcher_event rodinguilauncherevent12872 C:\Users\NBJSWETT\Desktop\lab3.srcs\lab3.srcs\lab3.xpr
# Log file: C:/Users/NBJSWETT/Desktop/lab3.srcs/lab3.srcs/vivado.log
# Journal file: C:/Users/NBJSWETT/Desktop/lab3.srcs/lab3.srcs\vivado.jou
#-----------------------------------------------------------
start_gui
open_project C:/Users/NBJSWETT/Desktop/lab3.srcs/lab3.srcs/lab3.xpr
INFO: [Project 1-313] Project file moved from 'C:/Users/NBJSWETT/Desktop/lab3_vfinal.srcs/lab3.srcs' since last save.
Scanning sources...
Finished scanning sources
WARNING: [filemgmt 56-3] IP Output Repository Path: Could not find the directory 'D:/University/Engineering/8th semester/Digital Lab/exp4/lab4.cache/ip'.
INFO: [IP_Flow 19-234] Refreshing IP repositories
INFO: [IP_Flow 19-1704] No user IP repositories specified
INFO: [IP_Flow 19-2313] Loaded Vivado IP repository 'C:/Xilinx/Vivado/2019.1/data/ip'.
open_project: Time (s): cpu = 00:00:28 ; elapsed = 00:00:12 . Memory (MB): peak = 697.848 ; gain = 54.234
exit
INFO: [Common 17-206] Exiting Vivado at Wed Oct  9 14:13:40 2019...
