#-----------------------------------------------------------
# Vivado v2019.1 (64-bit)
# SW Build 2552052 on Fri May 24 14:49:42 MDT 2019
# IP Build 2548770 on Fri May 24 18:01:18 MDT 2019
# Start of session at: Thu Sep 26 01:28:03 2019
# Process ID: 8980
# Current directory: C:/Users/NBJSWETT/Desktop/COSAS PUC/VIII Semestre/Laboratorio de Sistemas Digitales/Exp_3/lab3.srcs
# Command line: vivado.exe -gui_launcher_event rodinguilauncherevent6016 C:\Users\NBJSWETT\Desktop\COSAS PUC\VIII Semestre\Laboratorio de Sistemas Digitales\Exp_3\lab3.srcs\lab3.xpr
# Log file: C:/Users/NBJSWETT/Desktop/COSAS PUC/VIII Semestre/Laboratorio de Sistemas Digitales/Exp_3/lab3.srcs/vivado.log
# Journal file: C:/Users/NBJSWETT/Desktop/COSAS PUC/VIII Semestre/Laboratorio de Sistemas Digitales/Exp_3/lab3.srcs\vivado.jou
#-----------------------------------------------------------
start_gui
open_project {C:/Users/NBJSWETT/Desktop/COSAS PUC/VIII Semestre/Laboratorio de Sistemas Digitales/Exp_3/lab3.srcs/lab3.xpr}
INFO: [ProjectBase 1-489] The host OS only allows 260 characters in a normal path. The project is stored in a path with more than 80 characters. If you experience issues with IP, Block Designs, or files not being found, please consider moving the project to a location with a shorter path. Alternately consider using the OS subst command to map part of the path to a drive letter.
Current project path is 'C:/Users/NBJSWETT/Desktop/COSAS PUC/VIII Semestre/Laboratorio de Sistemas Digitales/Exp_3/lab3.srcs'
INFO: [Project 1-313] Project file moved from 'C:/Users/NBJSWETT/Desktop/lab3.srcs' since last save.
CRITICAL WARNING: [Project 1-311] Could not find the file 'C:/Users/NBJSWETT/Desktop/COSAS PUC/VIII Semestre/Laboratorio de Sistemas Digitales/Exp_3/lab3.srcs/lab3.srcs/sources_1/new/main.v', nor could it be found using path 'C:/Users/NBJSWETT/Desktop/lab3.srcs/lab3.srcs/sources_1/new/main.v'.
CRITICAL WARNING: [Project 1-311] Could not find the file 'C:/Users/NBJSWETT/Desktop/COSAS PUC/VIII Semestre/Laboratorio de Sistemas Digitales/Exp_3/lab3.srcs/lab3.srcs/constrs_1/new/basys.xdc', nor could it be found using path 'C:/Users/NBJSWETT/Desktop/lab3.srcs/lab3.srcs/constrs_1/new/basys.xdc'.
Scanning sources...
Finished scanning sources
WARNING: [filemgmt 56-3] IP Output Repository Path: Could not find the directory 'D:/University/Engineering/8th semester/Digital Lab/exp4/lab4.cache/ip'.
INFO: [filemgmt 56-1] IPUserFilesDir: Directory not found as 'C:/Users/NBJSWETT/Desktop/COSAS PUC/VIII Semestre/Laboratorio de Sistemas Digitales/exp4/lab4.ip_user_files'; using path 'C:/Users/NBJSWETT/exp4/lab4.ip_user_files' instead.
INFO: [IP_Flow 19-234] Refreshing IP repositories
INFO: [IP_Flow 19-1704] No user IP repositories specified
INFO: [IP_Flow 19-2313] Loaded Vivado IP repository 'C:/Xilinx/Vivado/2019.1/data/ip'.
open_project: Time (s): cpu = 00:00:30 ; elapsed = 00:00:15 . Memory (MB): peak = 738.371 ; gain = 120.711
update_compile_order -fileset sources_1
close [ open {C:/Users/NBJSWETT/Desktop/COSAS PUC/VIII Semestre/Laboratorio de Sistemas Digitales/Exp_3/lab3.srcs/lab3.srcs/sources_1/new/rom_flujo_bajo.v} w ]
add_files {{C:/Users/NBJSWETT/Desktop/COSAS PUC/VIII Semestre/Laboratorio de Sistemas Digitales/Exp_3/lab3.srcs/lab3.srcs/sources_1/new/rom_flujo_bajo.v}}
update_compile_order -fileset sources_1
close [ open {C:/Users/NBJSWETT/Desktop/COSAS PUC/VIII Semestre/Laboratorio de Sistemas Digitales/Exp_3/lab3.srcs/lab3.srcs/sources_1/new/flujo_alto.v} w ]
add_files {{C:/Users/NBJSWETT/Desktop/COSAS PUC/VIII Semestre/Laboratorio de Sistemas Digitales/Exp_3/lab3.srcs/lab3.srcs/sources_1/new/flujo_alto.v}}
update_compile_order -fileset sources_1
close [ open {C:/Users/NBJSWETT/Desktop/COSAS PUC/VIII Semestre/Laboratorio de Sistemas Digitales/Exp_3/lab3.srcs/lab3.srcs/sources_1/new/contador_0_27.v} w ]
add_files {{C:/Users/NBJSWETT/Desktop/COSAS PUC/VIII Semestre/Laboratorio de Sistemas Digitales/Exp_3/lab3.srcs/lab3.srcs/sources_1/new/contador_0_27.v}}
update_compile_order -fileset sources_1
close [ open {C:/Users/NBJSWETT/Desktop/COSAS PUC/VIII Semestre/Laboratorio de Sistemas Digitales/Exp_3/lab3.srcs/lab3.srcs/sources_1/new/contador_0_15.v} w ]
add_files {{C:/Users/NBJSWETT/Desktop/COSAS PUC/VIII Semestre/Laboratorio de Sistemas Digitales/Exp_3/lab3.srcs/lab3.srcs/sources_1/new/contador_0_15.v}}
update_compile_order -fileset sources_1
exit
INFO: [Common 17-206] Exiting Vivado at Thu Sep 26 02:04:09 2019...
